{
  "total_tests": 351,
  "passed": 0,
  "failed_import": 0,
  "failed_logic": 351,
  "collection_errors": 0,
  "skipped": 0,
  "total_execution_time": 22.39619016647339,
  "success_rate": 0.0,
  "detailed_results": [
    {
      "test_id": "tests/cross_platform/test_web_compatibility.py::test_serializable_data_types",
      "file_path": "tests/cross_platform/test_web_compatibility.py",
      "test_name": "test_serializable_data_types",
      "status": "FAIL_LOGIC",
      "execution_time": 0.04080410003662109,
      "error_message": "Unknown test failure",
      "error_type": "UnknownError"
    },
    {
      "test_id": "tests/cross_platform/test_web_compatibility.py::test_async_compatibility",
      "file_path": "tests/cross_platform/test_web_compatibility.py",
      "test_name": "test_async_compatibility",
      "status": "FAIL_LOGIC",
      "execution_time": 0.04080410003662109,
      "error_message": "Unknown test failure",
      "error_type": "UnknownError"
    },
    {
      "test_id": "tests/cross_platform/test_web_compatibility.py::test_browser_api_compatibility",
      "file_path": "tests/cross_platform/test_web_compatibility.py",
      "test_name": "test_browser_api_compatibility",
      "status": "FAIL_LOGIC",
      "execution_time": 0.04080410003662109,
      "error_message": "Unknown test failure",
      "error_type": "UnknownError"
    },
    {
      "test_id": "tests/cross_platform/test_web_compatibility.py::test_web_framework_integration",
      "file_path": "tests/cross_platform/test_web_compatibility.py",
      "test_name": "test_web_framework_integration",
      "status": "FAIL_LOGIC",
      "execution_time": 0.04080410003662109,
      "error_message": "Unknown test failure",
      "error_type": "UnknownError"
    },
    {
      "test_id": "tests/cross_platform/test_web_compatibility.py::test_json_serialization_examples",
      "file_path": "tests/cross_platform/test_web_compatibility.py",
      "test_name": "test_json_serialization_examples",
      "status": "FAIL_LOGIC",
      "execution_time": 0.04080410003662109,
      "error_message": "Unknown test failure",
      "error_type": "UnknownError"
    },
    {
      "test_id": "tests/interface_coverage/test_complete_coverage.py::test_all_services_have_interfaces",
      "file_path": "tests/interface_coverage/test_complete_coverage.py",
      "test_name": "test_all_services_have_interfaces",
      "status": "FAIL_LOGIC",
      "execution_time": 0.07040031750996907,
      "error_message": "Unknown test failure",
      "error_type": "UnknownError"
    },
    {
      "test_id": "tests/interface_coverage/test_complete_coverage.py::test_no_abstract_method_errors",
      "file_path": "tests/interface_coverage/test_complete_coverage.py",
      "test_name": "test_no_abstract_method_errors",
      "status": "FAIL_LOGIC",
      "execution_time": 0.07040031750996907,
      "error_message": "Unknown test failure",
      "error_type": "UnknownError"
    },
    {
      "test_id": "tests/interface_coverage/test_complete_coverage.py::test_interface_files_exist",
      "file_path": "tests/interface_coverage/test_complete_coverage.py",
      "test_name": "test_interface_files_exist",
      "status": "FAIL_LOGIC",
      "execution_time": 0.07040031750996907,
      "error_message": "Unknown test failure",
      "error_type": "UnknownError"
    },
    {
      "test_id": "tests/interface_completeness/test_interface_quality.py::test_no_qt_imports_in_interfaces",
      "file_path": "tests/interface_completeness/test_interface_quality.py",
      "test_name": "test_no_qt_imports_in_interfaces",
      "status": "FAIL_LOGIC",
      "execution_time": 0.04096040725708008,
      "error_message": "Unknown test failure",
      "error_type": "UnknownError"
    },
    {
      "test_id": "tests/interface_completeness/test_interface_quality.py::test_all_interfaces_have_web_notes",
      "file_path": "tests/interface_completeness/test_interface_quality.py",
      "test_name": "test_all_interfaces_have_web_notes",
      "status": "FAIL_LOGIC",
      "execution_time": 0.04096040725708008,
      "error_message": "Unknown test failure",
      "error_type": "UnknownError"
    },
    {
      "test_id": "tests/interface_completeness/test_interface_quality.py::test_interface_method_signatures",
      "file_path": "tests/interface_completeness/test_interface_quality.py",
      "test_name": "test_interface_method_signatures",
      "status": "FAIL_LOGIC",
      "execution_time": 0.04096040725708008,
      "error_message": "Unknown test failure",
      "error_type": "UnknownError"
    },
    {
      "test_id": "tests/interface_completeness/test_interface_quality.py::test_web_compatible_types",
      "file_path": "tests/interface_completeness/test_interface_quality.py",
      "test_name": "test_web_compatible_types",
      "status": "FAIL_LOGIC",
      "execution_time": 0.04096040725708008,
      "error_message": "Unknown test failure",
      "error_type": "UnknownError"
    },
    {
      "test_id": "tests/interface_completeness/test_interface_quality.py::test_interface_file_structure",
      "file_path": "tests/interface_completeness/test_interface_quality.py",
      "test_name": "test_interface_file_structure",
      "status": "FAIL_LOGIC",
      "execution_time": 0.04096040725708008,
      "error_message": "Unknown test failure",
      "error_type": "UnknownError"
    },
    {
      "test_id": "tests/service_implementation/test_service_interfaces.py::test_concrete_services_implement_interfaces",
      "file_path": "tests/service_implementation/test_service_interfaces.py",
      "test_name": "test_concrete_services_implement_interfaces",
      "status": "FAIL_LOGIC",
      "execution_time": 0.052395761013031006,
      "error_message": "Unknown test failure",
      "error_type": "UnknownError"
    },
    {
      "test_id": "tests/service_implementation/test_service_interfaces.py::test_dependency_injection_compatibility",
      "file_path": "tests/service_implementation/test_service_interfaces.py",
      "test_name": "test_dependency_injection_compatibility",
      "status": "FAIL_LOGIC",
      "execution_time": 0.052395761013031006,
      "error_message": "Unknown test failure",
      "error_type": "UnknownError"
    },
    {
      "test_id": "tests/service_implementation/test_service_interfaces.py::test_service_registration_system",
      "file_path": "tests/service_implementation/test_service_interfaces.py",
      "test_name": "test_service_registration_system",
      "status": "FAIL_LOGIC",
      "execution_time": 0.052395761013031006,
      "error_message": "Unknown test failure",
      "error_type": "UnknownError"
    },
    {
      "test_id": "tests/service_implementation/test_service_interfaces.py::test_interface_inheritance_patterns",
      "file_path": "tests/service_implementation/test_service_interfaces.py",
      "test_name": "test_interface_inheritance_patterns",
      "status": "FAIL_LOGIC",
      "execution_time": 0.052395761013031006,
      "error_message": "Unknown test failure",
      "error_type": "UnknownError"
    },
    {
      "test_id": "tests/integration/test_interface_workflows.py::test_complete_user_workflows",
      "file_path": "tests/integration/test_interface_workflows.py",
      "test_name": "test_complete_user_workflows",
      "status": "FAIL_LOGIC",
      "execution_time": 0.041742467880249025,
      "error_message": "Unknown test failure",
      "error_type": "UnknownError"
    },
    {
      "test_id": "tests/integration/test_interface_workflows.py::test_service_coordination",
      "file_path": "tests/integration/test_interface_workflows.py",
      "test_name": "test_service_coordination",
      "status": "FAIL_LOGIC",
      "execution_time": 0.041742467880249025,
      "error_message": "Unknown test failure",
      "error_type": "UnknownError"
    },
    {
      "test_id": "tests/integration/test_interface_workflows.py::test_data_flow_integration",
      "file_path": "tests/integration/test_interface_workflows.py",
      "test_name": "test_data_flow_integration",
      "status": "FAIL_LOGIC",
      "execution_time": 0.041742467880249025,
      "error_message": "Unknown test failure",
      "error_type": "UnknownError"
    },
    {
      "test_id": "tests/integration/test_interface_workflows.py::test_interface_coverage_completeness",
      "file_path": "tests/integration/test_interface_workflows.py",
      "test_name": "test_interface_coverage_completeness",
      "status": "FAIL_LOGIC",
      "execution_time": 0.041742467880249025,
      "error_message": "Unknown test failure",
      "error_type": "UnknownError"
    },
    {
      "test_id": "tests/integration/test_interface_workflows.py::test_mock_web_implementation_scenario",
      "file_path": "tests/integration/test_interface_workflows.py",
      "test_name": "test_mock_web_implementation_scenario",
      "status": "FAIL_LOGIC",
      "execution_time": 0.041742467880249025,
      "error_message": "Unknown test failure",
      "error_type": "UnknownError"
    },
    {
      "test_id": "tests/integration/test_menu_bar_layout.py::test_menu_bar_layout",
      "file_path": "tests/integration/test_menu_bar_layout.py",
      "test_name": "test_menu_bar_layout",
      "status": "FAIL_LOGIC",
      "execution_time": 0.20385026931762695,
      "error_message": "Unknown test failure",
      "error_type": "UnknownError"
    },
    {
      "test_id": "launcher/tests/test_default_dock_mode.py::test_default_dock_mode",
      "file_path": "launcher/tests/test_default_dock_mode.py",
      "test_name": "test_default_dock_mode",
      "status": "FAIL_LOGIC",
      "execution_time": 0.2024686336517334,
      "error_message": "Test failed (details not found)",
      "error_type": "AssertionError"
    },
    {
      "test_id": "launcher/tests/test_default_dock_mode.py::test_launcher_config_defaults",
      "file_path": "launcher/tests/test_default_dock_mode.py",
      "test_name": "test_launcher_config_defaults",
      "status": "FAIL_LOGIC",
      "execution_time": 0.2054731845855713,
      "error_message": "Test failed (details not found)",
      "error_type": "AssertionError"
    },
    {
      "test_id": "launcher/tests/test_default_startup.py::test_fresh_install_startup",
      "file_path": "launcher/tests/test_default_startup.py",
      "test_name": "test_fresh_install_startup",
      "status": "FAIL_LOGIC",
      "execution_time": 0.20116829872131348,
      "error_message": "Test failed (details not found)",
      "error_type": "AssertionError"
    },
    {
      "test_id": "launcher/tests/test_dock_functionality.py::test_dock_window_creation",
      "file_path": "launcher/tests/test_dock_functionality.py",
      "test_name": "test_dock_window_creation",
      "status": "FAIL_LOGIC",
      "execution_time": 0.20057964324951172,
      "error_message": "Test failed (details not found)",
      "error_type": "AssertionError"
    },
    {
      "test_id": "launcher/tests/test_dock_functionality.py::test_mode_switching",
      "file_path": "launcher/tests/test_dock_functionality.py",
      "test_name": "test_mode_switching",
      "status": "FAIL_LOGIC",
      "execution_time": 0.2077159881591797,
      "error_message": "Test failed (details not found)",
      "error_type": "AssertionError"
    },
    {
      "test_id": "launcher/tests/test_dock_functionality.py::test_state_persistence",
      "file_path": "launcher/tests/test_dock_functionality.py",
      "test_name": "test_state_persistence",
      "status": "FAIL_LOGIC",
      "execution_time": 0.19976019859313965,
      "error_message": "Test failed (details not found)",
      "error_type": "AssertionError"
    },
    {
      "test_id": "launcher/tests/test_dock_functionality.py::test_visual_indicators",
      "file_path": "launcher/tests/test_dock_functionality.py",
      "test_name": "test_visual_indicators",
      "status": "FAIL_LOGIC",
      "execution_time": 0.20324158668518066,
      "error_message": "Test failed (details not found)",
      "error_type": "AssertionError"
    },
    {
      "test_id": "launcher/tests/test_dock_functionality.py::test_application_launching",
      "file_path": "launcher/tests/test_dock_functionality.py",
      "test_name": "test_application_launching",
      "status": "FAIL_LOGIC",
      "execution_time": 0.21127605438232422,
      "error_message": "Test failed (details not found)",
      "error_type": "AssertionError"
    },
    {
      "test_id": "launcher/tests/test_dock_integration.py::test_real_launcher_integration",
      "file_path": "launcher/tests/test_dock_integration.py",
      "test_name": "test_real_launcher_integration",
      "status": "FAIL_LOGIC",
      "execution_time": 0.20435786247253418,
      "error_message": "Test failed (details not found)",
      "error_type": "AssertionError"
    },
    {
      "test_id": "launcher/tests/test_dock_integration.py::test_application_launch_consistency",
      "file_path": "launcher/tests/test_dock_integration.py",
      "test_name": "test_application_launch_consistency",
      "status": "FAIL_LOGIC",
      "execution_time": 0.2075972557067871,
      "error_message": "Test failed (details not found)",
      "error_type": "AssertionError"
    },
    {
      "test_id": "launcher/tests/test_json_parsing.py::test_launcher_config_parsing",
      "file_path": "launcher/tests/test_json_parsing.py",
      "test_name": "test_launcher_config_parsing",
      "status": "FAIL_LOGIC",
      "execution_time": 0.2184286117553711,
      "error_message": "Test failed (details not found)",
      "error_type": "AssertionError"
    },
    {
      "test_id": "launcher/tests/test_json_parsing.py::test_settings_json_parsing",
      "file_path": "launcher/tests/test_json_parsing.py",
      "test_name": "test_settings_json_parsing",
      "status": "FAIL_LOGIC",
      "execution_time": 0.23150992393493652,
      "error_message": "Test failed (details not found)",
      "error_type": "AssertionError"
    },
    {
      "test_id": "launcher/tests/test_json_parsing.py::test_json_with_settings_manager",
      "file_path": "launcher/tests/test_json_parsing.py",
      "test_name": "test_json_with_settings_manager",
      "status": "FAIL_LOGIC",
      "execution_time": 0.21871614456176758,
      "error_message": "Test failed (details not found)",
      "error_type": "AssertionError"
    },
    {
      "test_id": "launcher/tests/test_quick_dock.py::test_current_dock_mode",
      "file_path": "launcher/tests/test_quick_dock.py",
      "test_name": "test_current_dock_mode",
      "status": "FAIL_LOGIC",
      "execution_time": 0.22909951210021973,
      "error_message": "Test failed (details not found)",
      "error_type": "AssertionError"
    },
    {
      "test_id": "tests/unit/core/dependency_injection/test_di_container_unit.py::TestEnhancedDIContainer::test_basic_dependency_injection",
      "file_path": "tests/unit/core/dependency_injection/test_di_container_unit.py",
      "test_name": "TestEnhancedDIContainer::test_basic_dependency_injection",
      "status": "FAIL_LOGIC",
      "execution_time": 0.02891656204506203,
      "error_message": "Unknown test failure",
      "error_type": "UnknownError"
    },
    {
      "test_id": "tests/unit/core/dependency_injection/test_di_container_unit.py::TestEnhancedDIContainer::test_complex_dependency_chain",
      "file_path": "tests/unit/core/dependency_injection/test_di_container_unit.py",
      "test_name": "TestEnhancedDIContainer::test_complex_dependency_chain",
      "status": "FAIL_LOGIC",
      "execution_time": 0.02891656204506203,
      "error_message": "Unknown test failure",
      "error_type": "UnknownError"
    },
    {
      "test_id": "tests/unit/core/dependency_injection/test_di_container_unit.py::TestEnhancedDIContainer::test_default_parameter_handling",
      "file_path": "tests/unit/core/dependency_injection/test_di_container_unit.py",
      "test_name": "TestEnhancedDIContainer::test_default_parameter_handling",
      "status": "FAIL_LOGIC",
      "execution_time": 0.02891656204506203,
      "error_message": "Unknown test failure",
      "error_type": "UnknownError"
    },
    {
      "test_id": "tests/unit/core/dependency_injection/test_di_container_unit.py::TestEnhancedDIContainer::test_enhanced_error_reporting",
      "file_path": "tests/unit/core/dependency_injection/test_di_container_unit.py",
      "test_name": "TestEnhancedDIContainer::test_enhanced_error_reporting",
      "status": "FAIL_LOGIC",
      "execution_time": 0.02891656204506203,
      "error_message": "Unknown test failure",
      "error_type": "UnknownError"
    },
    {
      "test_id": "tests/unit/core/dependency_injection/test_di_container_unit.py::TestEnhancedDIContainer::test_auto_register_with_validation",
      "file_path": "tests/unit/core/dependency_injection/test_di_container_unit.py",
      "test_name": "TestEnhancedDIContainer::test_auto_register_with_validation",
      "status": "FAIL_LOGIC",
      "execution_time": 0.02891656204506203,
      "error_message": "Unknown test failure",
      "error_type": "UnknownError"
    },
    {
      "test_id": "tests/unit/core/dependency_injection/test_di_container_unit.py::TestEnhancedDIContainer::test_dependency_chain_validation",
      "file_path": "tests/unit/core/dependency_injection/test_di_container_unit.py",
      "test_name": "TestEnhancedDIContainer::test_dependency_chain_validation",
      "status": "FAIL_LOGIC",
      "execution_time": 0.02891656204506203,
      "error_message": "Unknown test failure",
      "error_type": "UnknownError"
    },
    {
      "test_id": "tests/unit/core/dependency_injection/test_di_container_unit.py::TestEnhancedDIContainer::test_validate_all_registrations",
      "file_path": "tests/unit/core/dependency_injection/test_di_container_unit.py",
      "test_name": "TestEnhancedDIContainer::test_validate_all_registrations",
      "status": "FAIL_LOGIC",
      "execution_time": 0.02891656204506203,
      "error_message": "Unknown test failure",
      "error_type": "UnknownError"
    },
    {
      "test_id": "tests/unit/core/dependency_injection/test_di_container_unit.py::TestEnhancedDIContainer::test_primitive_type_detection",
      "file_path": "tests/unit/core/dependency_injection/test_di_container_unit.py",
      "test_name": "TestEnhancedDIContainer::test_primitive_type_detection",
      "status": "FAIL_LOGIC",
      "execution_time": 0.02891656204506203,
      "error_message": "Unknown test failure",
      "error_type": "UnknownError"
    },
    {
      "test_id": "tests/unit/core/dependency_injection/test_di_container_unit.py::TestEnhancedDIContainer::test_dependency_graph_generation",
      "file_path": "tests/unit/core/dependency_injection/test_di_container_unit.py",
      "test_name": "TestEnhancedDIContainer::test_dependency_graph_generation",
      "status": "FAIL_LOGIC",
      "execution_time": 0.02891656204506203,
      "error_message": "Unknown test failure",
      "error_type": "UnknownError"
    },
    {
      "test_id": "tests/unit/core/dependency_injection/test_di_container_unit.py::TestEnhancedDIContainer::test_constructor_dependency_analysis",
      "file_path": "tests/unit/core/dependency_injection/test_di_container_unit.py",
      "test_name": "TestEnhancedDIContainer::test_constructor_dependency_analysis",
      "status": "FAIL_LOGIC",
      "execution_time": 0.02891656204506203,
      "error_message": "Unknown test failure",
      "error_type": "UnknownError"
    },
    {
      "test_id": "tests/unit/core/dependency_injection/test_di_container_unit.py::TestEnhancedDIContainer::test_lifecycle_management",
      "file_path": "tests/unit/core/dependency_injection/test_di_container_unit.py",
      "test_name": "TestEnhancedDIContainer::test_lifecycle_management",
      "status": "FAIL_LOGIC",
      "execution_time": 0.02891656204506203,
      "error_message": "Unknown test failure",
      "error_type": "UnknownError"
    },
    {
      "test_id": "tests/unit/core/dependency_injection/test_di_container_unit.py::TestEnhancedDIContainer::test_circular_dependency_detection",
      "file_path": "tests/unit/core/dependency_injection/test_di_container_unit.py",
      "test_name": "TestEnhancedDIContainer::test_circular_dependency_detection",
      "status": "FAIL_LOGIC",
      "execution_time": 0.02891656204506203,
      "error_message": "Unknown test failure",
      "error_type": "UnknownError"
    },
    {
      "test_id": "tests/unit/core/dependency_injection/test_di_container_unit.py::TestEnhancedDIContainer::test_transient_services",
      "file_path": "tests/unit/core/dependency_injection/test_di_container_unit.py",
      "test_name": "TestEnhancedDIContainer::test_transient_services",
      "status": "FAIL_LOGIC",
      "execution_time": 0.02891656204506203,
      "error_message": "Unknown test failure",
      "error_type": "UnknownError"
    },
    {
      "test_id": "tests/unit/core/dependency_injection/test_di_container_unit.py::TestEnhancedDIContainer::test_singleton_services",
      "file_path": "tests/unit/core/dependency_injection/test_di_container_unit.py",
      "test_name": "TestEnhancedDIContainer::test_singleton_services",
      "status": "FAIL_LOGIC",
      "execution_time": 0.02891656204506203,
      "error_message": "Unknown test failure",
      "error_type": "UnknownError"
    },
    {
      "test_id": "tests/unit/core/dependency_injection/test_di_container_unit.py::TestEnhancedDIContainer::test_instance_registration",
      "file_path": "tests/unit/core/dependency_injection/test_di_container_unit.py",
      "test_name": "TestEnhancedDIContainer::test_instance_registration",
      "status": "FAIL_LOGIC",
      "execution_time": 0.02891656204506203,
      "error_message": "Unknown test failure",
      "error_type": "UnknownError"
    },
    {
      "test_id": "tests/unit/core/dependency_injection/test_di_container_unit.py::TestEnhancedDIContainer::test_missing_service_error",
      "file_path": "tests/unit/core/dependency_injection/test_di_container_unit.py",
      "test_name": "TestEnhancedDIContainer::test_missing_service_error",
      "status": "FAIL_LOGIC",
      "execution_time": 0.02891656204506203,
      "error_message": "Unknown test failure",
      "error_type": "UnknownError"
    },
    {
      "test_id": "tests/unit/core/dependency_injection/test_di_container_unit.py::TestEnhancedDIContainer::test_complex_error_scenario",
      "file_path": "tests/unit/core/dependency_injection/test_di_container_unit.py",
      "test_name": "TestEnhancedDIContainer::test_complex_error_scenario",
      "status": "FAIL_LOGIC",
      "execution_time": 0.02891656204506203,
      "error_message": "Unknown test failure",
      "error_type": "UnknownError"
    },
    {
      "test_id": "tests/unit/core/dependency_injection/test_di_container_unit.py::TestEnhancedDIContainer::test_get_registrations",
      "file_path": "tests/unit/core/dependency_injection/test_di_container_unit.py",
      "test_name": "TestEnhancedDIContainer::test_get_registrations",
      "status": "FAIL_LOGIC",
      "execution_time": 0.02891656204506203,
      "error_message": "Unknown test failure",
      "error_type": "UnknownError"
    },
    {
      "test_id": "tests/unit/core/test_enhanced_di_validation.py::TestEnhancedDIValidation::test_successful_registration_validation",
      "file_path": "tests/unit/core/test_enhanced_di_validation.py",
      "test_name": "TestEnhancedDIValidation::test_successful_registration_validation",
      "status": "FAIL_LOGIC",
      "execution_time": 0.02891656204506203,
      "error_message": "Unknown test failure",
      "error_type": "UnknownError"
    },
    {
      "test_id": "tests/unit/core/test_enhanced_di_validation.py::TestEnhancedDIValidation::test_missing_dependency_validation_error",
      "file_path": "tests/unit/core/test_enhanced_di_validation.py",
      "test_name": "TestEnhancedDIValidation::test_missing_dependency_validation_error",
      "status": "FAIL_LOGIC",
      "execution_time": 0.02891656204506203,
      "error_message": "Unknown test failure",
      "error_type": "UnknownError"
    },
    {
      "test_id": "tests/unit/core/test_enhanced_di_validation.py::TestEnhancedDIValidation::test_circular_dependency_detection",
      "file_path": "tests/unit/core/test_enhanced_di_validation.py",
      "test_name": "TestEnhancedDIValidation::test_circular_dependency_detection",
      "status": "FAIL_LOGIC",
      "execution_time": 0.02891656204506203,
      "error_message": "Unknown test failure",
      "error_type": "UnknownError"
    },
    {
      "test_id": "tests/unit/core/test_enhanced_di_validation.py::TestEnhancedDIValidation::test_enhanced_error_messages_for_missing_service",
      "file_path": "tests/unit/core/test_enhanced_di_validation.py",
      "test_name": "TestEnhancedDIValidation::test_enhanced_error_messages_for_missing_service",
      "status": "FAIL_LOGIC",
      "execution_time": 0.02891656204506203,
      "error_message": "Unknown test failure",
      "error_type": "UnknownError"
    },
    {
      "test_id": "tests/unit/core/test_enhanced_di_validation.py::TestEnhancedDIValidation::test_dependency_resolution_error_context",
      "file_path": "tests/unit/core/test_enhanced_di_validation.py",
      "test_name": "TestEnhancedDIValidation::test_dependency_resolution_error_context",
      "status": "FAIL_LOGIC",
      "execution_time": 0.02891656204506203,
      "error_message": "Unknown test failure",
      "error_type": "UnknownError"
    },
    {
      "test_id": "tests/unit/core/test_enhanced_di_validation.py::TestEnhancedDIValidation::test_dependency_graph_generation",
      "file_path": "tests/unit/core/test_enhanced_di_validation.py",
      "test_name": "TestEnhancedDIValidation::test_dependency_graph_generation",
      "status": "FAIL_LOGIC",
      "execution_time": 0.02891656204506203,
      "error_message": "Unknown test failure",
      "error_type": "UnknownError"
    },
    {
      "test_id": "tests/unit/core/test_enhanced_di_validation.py::TestEnhancedDIValidation::test_singleton_instance_creation_error",
      "file_path": "tests/unit/core/test_enhanced_di_validation.py",
      "test_name": "TestEnhancedDIValidation::test_singleton_instance_creation_error",
      "status": "FAIL_LOGIC",
      "execution_time": 0.02891656204506203,
      "error_message": "Unknown test failure",
      "error_type": "UnknownError"
    },
    {
      "test_id": "tests/unit/core/test_enhanced_di_validation.py::TestEnhancedDIValidation::test_transient_instance_creation_error",
      "file_path": "tests/unit/core/test_enhanced_di_validation.py",
      "test_name": "TestEnhancedDIValidation::test_transient_instance_creation_error",
      "status": "FAIL_LOGIC",
      "execution_time": 0.02891656204506203,
      "error_message": "Unknown test failure",
      "error_type": "UnknownError"
    },
    {
      "test_id": "tests/unit/core/test_enhanced_di_validation.py::TestEnhancedDIValidation::test_complex_dependency_chain_error",
      "file_path": "tests/unit/core/test_enhanced_di_validation.py",
      "test_name": "TestEnhancedDIValidation::test_complex_dependency_chain_error",
      "status": "FAIL_LOGIC",
      "execution_time": 0.02891656204506203,
      "error_message": "Unknown test failure",
      "error_type": "UnknownError"
    },
    {
      "test_id": "tests/unit/interfaces/test_data_cache_manager_interface.py::TestDataCacheManagerInterface::test_data_cache_manager_implements_interface",
      "file_path": "tests/unit/interfaces/test_data_cache_manager_interface.py",
      "test_name": "TestDataCacheManagerInterface::test_data_cache_manager_implements_interface",
      "status": "FAIL_LOGIC",
      "execution_time": 0.011298420952587592,
      "error_message": "Unknown test failure",
      "error_type": "UnknownError"
    },
    {
      "test_id": "tests/unit/interfaces/test_data_cache_manager_interface.py::TestDataCacheManagerInterface::test_all_interface_methods_implemented",
      "file_path": "tests/unit/interfaces/test_data_cache_manager_interface.py",
      "test_name": "TestDataCacheManagerInterface::test_all_interface_methods_implemented",
      "status": "FAIL_LOGIC",
      "execution_time": 0.011298420952587592,
      "error_message": "Unknown test failure",
      "error_type": "UnknownError"
    },
    {
      "test_id": "tests/unit/interfaces/test_data_cache_manager_interface.py::TestDataCacheManagerInterface::test_method_signatures_match_interface",
      "file_path": "tests/unit/interfaces/test_data_cache_manager_interface.py",
      "test_name": "TestDataCacheManagerInterface::test_method_signatures_match_interface",
      "status": "FAIL_LOGIC",
      "execution_time": 0.011298420952587592,
      "error_message": "Unknown test failure",
      "error_type": "UnknownError"
    },
    {
      "test_id": "tests/unit/interfaces/test_data_cache_manager_interface.py::TestDataCacheManagerBehavior::test_initial_cache_is_empty",
      "file_path": "tests/unit/interfaces/test_data_cache_manager_interface.py",
      "test_name": "TestDataCacheManagerBehavior::test_initial_cache_is_empty",
      "status": "FAIL_LOGIC",
      "execution_time": 0.011298420952587592,
      "error_message": "Unknown test failure",
      "error_type": "UnknownError"
    },
    {
      "test_id": "tests/unit/interfaces/test_data_cache_manager_interface.py::TestDataCacheManagerBehavior::test_position_cache_operations",
      "file_path": "tests/unit/interfaces/test_data_cache_manager_interface.py",
      "test_name": "TestDataCacheManagerBehavior::test_position_cache_operations",
      "status": "FAIL_LOGIC",
      "execution_time": 0.011298420952587592,
      "error_message": "Unknown test failure",
      "error_type": "UnknownError"
    },
    {
      "test_id": "tests/unit/interfaces/test_data_cache_manager_interface.py::TestDataCacheManagerBehavior::test_sequence_cache_operations",
      "file_path": "tests/unit/interfaces/test_data_cache_manager_interface.py",
      "test_name": "TestDataCacheManagerBehavior::test_sequence_cache_operations",
      "status": "FAIL_LOGIC",
      "execution_time": 0.011298420952587592,
      "error_message": "Unknown test failure",
      "error_type": "UnknownError"
    },
    {
      "test_id": "tests/unit/interfaces/test_data_cache_manager_interface.py::TestDataCacheManagerBehavior::test_pictograph_cache_operations",
      "file_path": "tests/unit/interfaces/test_data_cache_manager_interface.py",
      "test_name": "TestDataCacheManagerBehavior::test_pictograph_cache_operations",
      "status": "FAIL_LOGIC",
      "execution_time": 0.011298420952587592,
      "error_message": "Unknown test failure",
      "error_type": "UnknownError"
    },
    {
      "test_id": "tests/unit/interfaces/test_data_cache_manager_interface.py::TestDataCacheManagerBehavior::test_conversion_cache_operations",
      "file_path": "tests/unit/interfaces/test_data_cache_manager_interface.py",
      "test_name": "TestDataCacheManagerBehavior::test_conversion_cache_operations",
      "status": "FAIL_LOGIC",
      "execution_time": 0.011298420952587592,
      "error_message": "Unknown test failure",
      "error_type": "UnknownError"
    },
    {
      "test_id": "tests/unit/interfaces/test_data_cache_manager_interface.py::TestDataCacheManagerBehavior::test_lru_eviction",
      "file_path": "tests/unit/interfaces/test_data_cache_manager_interface.py",
      "test_name": "TestDataCacheManagerBehavior::test_lru_eviction",
      "status": "FAIL_LOGIC",
      "execution_time": 0.011298420952587592,
      "error_message": "Unknown test failure",
      "error_type": "UnknownError"
    },
    {
      "test_id": "tests/unit/interfaces/test_data_cache_manager_interface.py::TestDataCacheManagerBehavior::test_lru_access_order",
      "file_path": "tests/unit/interfaces/test_data_cache_manager_interface.py",
      "test_name": "TestDataCacheManagerBehavior::test_lru_access_order",
      "status": "FAIL_LOGIC",
      "execution_time": 0.011298420952587592,
      "error_message": "Unknown test failure",
      "error_type": "UnknownError"
    },
    {
      "test_id": "tests/unit/interfaces/test_data_cache_manager_interface.py::TestDataCacheManagerBehavior::test_clear_individual_caches",
      "file_path": "tests/unit/interfaces/test_data_cache_manager_interface.py",
      "test_name": "TestDataCacheManagerBehavior::test_clear_individual_caches",
      "status": "FAIL_LOGIC",
      "execution_time": 0.011298420952587592,
      "error_message": "Unknown test failure",
      "error_type": "UnknownError"
    },
    {
      "test_id": "tests/unit/interfaces/test_data_cache_manager_interface.py::TestDataCacheManagerBehavior::test_clear_all_caches",
      "file_path": "tests/unit/interfaces/test_data_cache_manager_interface.py",
      "test_name": "TestDataCacheManagerBehavior::test_clear_all_caches",
      "status": "FAIL_LOGIC",
      "execution_time": 0.011298420952587592,
      "error_message": "Unknown test failure",
      "error_type": "UnknownError"
    },
    {
      "test_id": "tests/unit/interfaces/test_data_cache_manager_interface.py::TestDataCacheManagerBehavior::test_cache_stats_comprehensive",
      "file_path": "tests/unit/interfaces/test_data_cache_manager_interface.py",
      "test_name": "TestDataCacheManagerBehavior::test_cache_stats_comprehensive",
      "status": "FAIL_LOGIC",
      "execution_time": 0.011298420952587592,
      "error_message": "Unknown test failure",
      "error_type": "UnknownError"
    },
    {
      "test_id": "tests/unit/interfaces/test_data_cache_manager_interface.py::TestDataCacheManagerBehavior::test_cache_with_none_values",
      "file_path": "tests/unit/interfaces/test_data_cache_manager_interface.py",
      "test_name": "TestDataCacheManagerBehavior::test_cache_with_none_values",
      "status": "FAIL_LOGIC",
      "execution_time": 0.011298420952587592,
      "error_message": "Unknown test failure",
      "error_type": "UnknownError"
    },
    {
      "test_id": "tests/unit/interfaces/test_data_cache_manager_interface.py::TestDataCacheManagerBehavior::test_cache_with_complex_objects",
      "file_path": "tests/unit/interfaces/test_data_cache_manager_interface.py",
      "test_name": "TestDataCacheManagerBehavior::test_cache_with_complex_objects",
      "status": "FAIL_LOGIC",
      "execution_time": 0.011298420952587592,
      "error_message": "Unknown test failure",
      "error_type": "UnknownError"
    },
    {
      "test_id": "tests/unit/interfaces/test_data_cache_manager_interface.py::TestMockDataCacheManager::test_mock_implements_interface",
      "file_path": "tests/unit/interfaces/test_data_cache_manager_interface.py",
      "test_name": "TestMockDataCacheManager::test_mock_implements_interface",
      "status": "FAIL_LOGIC",
      "execution_time": 0.011298420952587592,
      "error_message": "Unknown test failure",
      "error_type": "UnknownError"
    },
    {
      "test_id": "tests/unit/interfaces/test_data_cache_manager_interface.py::TestMockDataCacheManager::test_mock_basic_functionality",
      "file_path": "tests/unit/interfaces/test_data_cache_manager_interface.py",
      "test_name": "TestMockDataCacheManager::test_mock_basic_functionality",
      "status": "FAIL_LOGIC",
      "execution_time": 0.011298420952587592,
      "error_message": "Unknown test failure",
      "error_type": "UnknownError"
    },
    {
      "test_id": "tests/unit/interfaces/test_data_cache_manager_interface.py::TestMockDataCacheManager::test_mock_clear_functionality",
      "file_path": "tests/unit/interfaces/test_data_cache_manager_interface.py",
      "test_name": "TestMockDataCacheManager::test_mock_clear_functionality",
      "status": "FAIL_LOGIC",
      "execution_time": 0.011298420952587592,
      "error_message": "Unknown test failure",
      "error_type": "UnknownError"
    },
    {
      "test_id": "tests/unit/interfaces/test_thumbnail_generation_service_interface.py::TestThumbnailGenerationServiceInterface::test_thumbnail_generation_service_implements_interface",
      "file_path": "tests/unit/interfaces/test_thumbnail_generation_service_interface.py",
      "test_name": "TestThumbnailGenerationServiceInterface::test_thumbnail_generation_service_implements_interface",
      "status": "FAIL_LOGIC",
      "execution_time": 0.011298420952587592,
      "error_message": "Unknown test failure",
      "error_type": "UnknownError"
    },
    {
      "test_id": "tests/unit/interfaces/test_thumbnail_generation_service_interface.py::TestThumbnailGenerationServiceInterface::test_mock_thumbnail_generation_service_implements_interface",
      "file_path": "tests/unit/interfaces/test_thumbnail_generation_service_interface.py",
      "test_name": "TestThumbnailGenerationServiceInterface::test_mock_thumbnail_generation_service_implements_interface",
      "status": "FAIL_LOGIC",
      "execution_time": 0.011298420952587592,
      "error_message": "Unknown test failure",
      "error_type": "UnknownError"
    },
    {
      "test_id": "tests/unit/interfaces/test_thumbnail_generation_service_interface.py::TestThumbnailGenerationServiceInterface::test_all_interface_methods_implemented",
      "file_path": "tests/unit/interfaces/test_thumbnail_generation_service_interface.py",
      "test_name": "TestThumbnailGenerationServiceInterface::test_all_interface_methods_implemented",
      "status": "FAIL_LOGIC",
      "execution_time": 0.011298420952587592,
      "error_message": "Unknown test failure",
      "error_type": "UnknownError"
    },
    {
      "test_id": "tests/unit/interfaces/test_thumbnail_generation_service_interface.py::TestThumbnailGenerationServiceInterface::test_method_signatures_match_interface",
      "file_path": "tests/unit/interfaces/test_thumbnail_generation_service_interface.py",
      "test_name": "TestThumbnailGenerationServiceInterface::test_method_signatures_match_interface",
      "status": "FAIL_LOGIC",
      "execution_time": 0.011298420952587592,
      "error_message": "Unknown test failure",
      "error_type": "UnknownError"
    },
    {
      "test_id": "tests/unit/interfaces/test_thumbnail_generation_service_interface.py::TestThumbnailGenerationServiceBehavior::test_generate_sequence_thumbnail_with_empty_sequence",
      "file_path": "tests/unit/interfaces/test_thumbnail_generation_service_interface.py",
      "test_name": "TestThumbnailGenerationServiceBehavior::test_generate_sequence_thumbnail_with_empty_sequence",
      "status": "FAIL_LOGIC",
      "execution_time": 0.011298420952587592,
      "error_message": "Unknown test failure",
      "error_type": "UnknownError"
    },
    {
      "test_id": "tests/unit/interfaces/test_thumbnail_generation_service_interface.py::TestThumbnailGenerationServiceBehavior::test_generate_sequence_thumbnail_with_none_sequence",
      "file_path": "tests/unit/interfaces/test_thumbnail_generation_service_interface.py",
      "test_name": "TestThumbnailGenerationServiceBehavior::test_generate_sequence_thumbnail_with_none_sequence",
      "status": "FAIL_LOGIC",
      "execution_time": 0.011298420952587592,
      "error_message": "Unknown test failure",
      "error_type": "UnknownError"
    },
    {
      "test_id": "tests/unit/interfaces/test_thumbnail_generation_service_interface.py::TestThumbnailGenerationServiceBehavior::test_generate_sequence_thumbnail_with_too_short_sequence",
      "file_path": "tests/unit/interfaces/test_thumbnail_generation_service_interface.py",
      "test_name": "TestThumbnailGenerationServiceBehavior::test_generate_sequence_thumbnail_with_too_short_sequence",
      "status": "FAIL_LOGIC",
      "execution_time": 0.011298420952587592,
      "error_message": "Unknown test failure",
      "error_type": "UnknownError"
    },
    {
      "test_id": "tests/unit/interfaces/test_thumbnail_generation_service_interface.py::TestThumbnailGenerationServiceBehavior::test_generate_sequence_thumbnail_creates_output_directory",
      "file_path": "tests/unit/interfaces/test_thumbnail_generation_service_interface.py",
      "test_name": "TestThumbnailGenerationServiceBehavior::test_generate_sequence_thumbnail_creates_output_directory",
      "status": "FAIL_LOGIC",
      "execution_time": 0.011298420952587592,
      "error_message": "Unknown test failure",
      "error_type": "UnknownError"
    },
    {
      "test_id": "tests/unit/interfaces/test_thumbnail_generation_service_interface.py::TestThumbnailGenerationServiceBehavior::test_generate_sequence_thumbnail_with_conversion_failure",
      "file_path": "tests/unit/interfaces/test_thumbnail_generation_service_interface.py",
      "test_name": "TestThumbnailGenerationServiceBehavior::test_generate_sequence_thumbnail_with_conversion_failure",
      "status": "FAIL_LOGIC",
      "execution_time": 0.011298420952587592,
      "error_message": "Unknown test failure",
      "error_type": "UnknownError"
    },
    {
      "test_id": "tests/unit/interfaces/test_thumbnail_generation_service_interface.py::TestThumbnailGenerationServiceBehavior::test_generate_sequence_thumbnail_with_fullscreen_preview",
      "file_path": "tests/unit/interfaces/test_thumbnail_generation_service_interface.py",
      "test_name": "TestThumbnailGenerationServiceBehavior::test_generate_sequence_thumbnail_with_fullscreen_preview",
      "status": "FAIL_LOGIC",
      "execution_time": 0.011298420952587592,
      "error_message": "Unknown test failure",
      "error_type": "UnknownError"
    },
    {
      "test_id": "tests/unit/interfaces/test_thumbnail_generation_service_interface.py::TestThumbnailGenerationServiceBehavior::test_temp_directory_default",
      "file_path": "tests/unit/interfaces/test_thumbnail_generation_service_interface.py",
      "test_name": "TestThumbnailGenerationServiceBehavior::test_temp_directory_default",
      "status": "FAIL_LOGIC",
      "execution_time": 0.011298420952587592,
      "error_message": "Unknown test failure",
      "error_type": "UnknownError"
    },
    {
      "test_id": "tests/unit/interfaces/test_thumbnail_generation_service_interface.py::TestThumbnailGenerationServiceBehavior::test_temp_directory_custom",
      "file_path": "tests/unit/interfaces/test_thumbnail_generation_service_interface.py",
      "test_name": "TestThumbnailGenerationServiceBehavior::test_temp_directory_custom",
      "status": "FAIL_LOGIC",
      "execution_time": 0.011298420952587592,
      "error_message": "Unknown test failure",
      "error_type": "UnknownError"
    },
    {
      "test_id": "tests/unit/interfaces/test_thumbnail_generation_service_interface.py::TestMockThumbnailGenerationService::test_mock_implements_interface",
      "file_path": "tests/unit/interfaces/test_thumbnail_generation_service_interface.py",
      "test_name": "TestMockThumbnailGenerationService::test_mock_implements_interface",
      "status": "FAIL_LOGIC",
      "execution_time": 0.011298420952587592,
      "error_message": "Unknown test failure",
      "error_type": "UnknownError"
    },
    {
      "test_id": "tests/unit/interfaces/test_thumbnail_generation_service_interface.py::TestMockThumbnailGenerationService::test_mock_generates_placeholder_thumbnail",
      "file_path": "tests/unit/interfaces/test_thumbnail_generation_service_interface.py",
      "test_name": "TestMockThumbnailGenerationService::test_mock_generates_placeholder_thumbnail",
      "status": "FAIL_LOGIC",
      "execution_time": 0.011298420952587592,
      "error_message": "Unknown test failure",
      "error_type": "UnknownError"
    },
    {
      "test_id": "tests/unit/interfaces/test_thumbnail_generation_service_interface.py::TestMockThumbnailGenerationService::test_mock_handles_empty_sequence",
      "file_path": "tests/unit/interfaces/test_thumbnail_generation_service_interface.py",
      "test_name": "TestMockThumbnailGenerationService::test_mock_handles_empty_sequence",
      "status": "FAIL_LOGIC",
      "execution_time": 0.011298420952587592,
      "error_message": "Unknown test failure",
      "error_type": "UnknownError"
    },
    {
      "test_id": "tests/unit/interfaces/test_thumbnail_generation_service_interface.py::TestMockThumbnailGenerationService::test_mock_handles_none_sequence",
      "file_path": "tests/unit/interfaces/test_thumbnail_generation_service_interface.py",
      "test_name": "TestMockThumbnailGenerationService::test_mock_handles_none_sequence",
      "status": "FAIL_LOGIC",
      "execution_time": 0.011298420952587592,
      "error_message": "Unknown test failure",
      "error_type": "UnknownError"
    },
    {
      "test_id": "tests/unit/interfaces/test_thumbnail_generation_service_interface.py::TestMockThumbnailGenerationService::test_mock_handles_short_sequence",
      "file_path": "tests/unit/interfaces/test_thumbnail_generation_service_interface.py",
      "test_name": "TestMockThumbnailGenerationService::test_mock_handles_short_sequence",
      "status": "FAIL_LOGIC",
      "execution_time": 0.011298420952587592,
      "error_message": "Unknown test failure",
      "error_type": "UnknownError"
    },
    {
      "test_id": "tests/unit/interfaces/test_thumbnail_generation_service_interface.py::TestMockThumbnailGenerationService::test_mock_fullscreen_preview_option",
      "file_path": "tests/unit/interfaces/test_thumbnail_generation_service_interface.py",
      "test_name": "TestMockThumbnailGenerationService::test_mock_fullscreen_preview_option",
      "status": "FAIL_LOGIC",
      "execution_time": 0.011298420952587592,
      "error_message": "Unknown test failure",
      "error_type": "UnknownError"
    },
    {
      "test_id": "tests/unit/interfaces/test_thumbnail_generation_service_interface.py::TestMockThumbnailGenerationService::test_mock_creates_output_directory",
      "file_path": "tests/unit/interfaces/test_thumbnail_generation_service_interface.py",
      "test_name": "TestMockThumbnailGenerationService::test_mock_creates_output_directory",
      "status": "FAIL_LOGIC",
      "execution_time": 0.011298420952587592,
      "error_message": "Unknown test failure",
      "error_type": "UnknownError"
    },
    {
      "test_id": "tests/unit/interfaces/test_thumbnail_generation_service_interface.py::TestMockThumbnailGenerationService::test_mock_handles_file_error",
      "file_path": "tests/unit/interfaces/test_thumbnail_generation_service_interface.py",
      "test_name": "TestMockThumbnailGenerationService::test_mock_handles_file_error",
      "status": "FAIL_LOGIC",
      "execution_time": 0.011298420952587592,
      "error_message": "Unknown test failure",
      "error_type": "UnknownError"
    },
    {
      "test_id": "tests/unit/interfaces/test_thumbnail_generation_service_interface.py::TestConcreteThumbnailGenerationService::test_concrete_implements_interface",
      "file_path": "tests/unit/interfaces/test_thumbnail_generation_service_interface.py",
      "test_name": "TestConcreteThumbnailGenerationService::test_concrete_implements_interface",
      "status": "FAIL_LOGIC",
      "execution_time": 0.011298420952587592,
      "error_message": "Unknown test failure",
      "error_type": "UnknownError"
    },
    {
      "test_id": "tests/unit/interfaces/test_thumbnail_generation_service_interface.py::TestConcreteThumbnailGenerationService::test_concrete_basic_functionality",
      "file_path": "tests/unit/interfaces/test_thumbnail_generation_service_interface.py",
      "test_name": "TestConcreteThumbnailGenerationService::test_concrete_basic_functionality",
      "status": "FAIL_LOGIC",
      "execution_time": 0.011298420952587592,
      "error_message": "Unknown test failure",
      "error_type": "UnknownError"
    },
    {
      "test_id": "tests/unit/interfaces/test_thumbnail_generation_service_interface.py::TestConcreteThumbnailGenerationService::test_concrete_fullscreen_preview",
      "file_path": "tests/unit/interfaces/test_thumbnail_generation_service_interface.py",
      "test_name": "TestConcreteThumbnailGenerationService::test_concrete_fullscreen_preview",
      "status": "FAIL_LOGIC",
      "execution_time": 0.011298420952587592,
      "error_message": "Unknown test failure",
      "error_type": "UnknownError"
    },
    {
      "test_id": "tests/unit/interfaces/test_ui_state_manager_interface.py::TestUIStateManagerInterface::test_ui_state_manager_implements_interface",
      "file_path": "tests/unit/interfaces/test_ui_state_manager_interface.py",
      "test_name": "TestUIStateManagerInterface::test_ui_state_manager_implements_interface",
      "status": "FAIL_LOGIC",
      "execution_time": 0.011298420952587592,
      "error_message": "Unknown test failure",
      "error_type": "UnknownError"
    },
    {
      "test_id": "tests/unit/interfaces/test_ui_state_manager_interface.py::TestUIStateManagerInterface::test_all_interface_methods_implemented",
      "file_path": "tests/unit/interfaces/test_ui_state_manager_interface.py",
      "test_name": "TestUIStateManagerInterface::test_all_interface_methods_implemented",
      "status": "FAIL_LOGIC",
      "execution_time": 0.011298420952587592,
      "error_message": "Unknown test failure",
      "error_type": "UnknownError"
    },
    {
      "test_id": "tests/unit/interfaces/test_ui_state_manager_interface.py::TestUIStateManagerInterface::test_method_signatures_match_interface",
      "file_path": "tests/unit/interfaces/test_ui_state_manager_interface.py",
      "test_name": "TestUIStateManagerInterface::test_method_signatures_match_interface",
      "status": "FAIL_LOGIC",
      "execution_time": 0.011298420952587592,
      "error_message": "Unknown test failure",
      "error_type": "UnknownError"
    },
    {
      "test_id": "tests/unit/interfaces/test_ui_state_manager_interface.py::TestUIStateManagerBehavior::test_initial_state",
      "file_path": "tests/unit/interfaces/test_ui_state_manager_interface.py",
      "test_name": "TestUIStateManagerBehavior::test_initial_state",
      "status": "FAIL_LOGIC",
      "execution_time": 0.011298420952587592,
      "error_message": "Unknown test failure",
      "error_type": "UnknownError"
    },
    {
      "test_id": "tests/unit/interfaces/test_ui_state_manager_interface.py::TestUIStateManagerBehavior::test_get_and_set_setting",
      "file_path": "tests/unit/interfaces/test_ui_state_manager_interface.py",
      "test_name": "TestUIStateManagerBehavior::test_get_and_set_setting",
      "status": "FAIL_LOGIC",
      "execution_time": 0.011298420952587592,
      "error_message": "Unknown test failure",
      "error_type": "UnknownError"
    },
    {
      "test_id": "tests/unit/interfaces/test_ui_state_manager_interface.py::TestUIStateManagerBehavior::test_get_and_set_tab_state",
      "file_path": "tests/unit/interfaces/test_ui_state_manager_interface.py",
      "test_name": "TestUIStateManagerBehavior::test_get_and_set_tab_state",
      "status": "FAIL_LOGIC",
      "execution_time": 0.011298420952587592,
      "error_message": "Unknown test failure",
      "error_type": "UnknownError"
    },
    {
      "test_id": "tests/unit/interfaces/test_ui_state_manager_interface.py::TestUIStateManagerBehavior::test_active_tab_management",
      "file_path": "tests/unit/interfaces/test_ui_state_manager_interface.py",
      "test_name": "TestUIStateManagerBehavior::test_active_tab_management",
      "status": "FAIL_LOGIC",
      "execution_time": 0.011298420952587592,
      "error_message": "Unknown test failure",
      "error_type": "UnknownError"
    },
    {
      "test_id": "tests/unit/interfaces/test_ui_state_manager_interface.py::TestUIStateManagerBehavior::test_graph_editor_management",
      "file_path": "tests/unit/interfaces/test_ui_state_manager_interface.py",
      "test_name": "TestUIStateManagerBehavior::test_graph_editor_management",
      "status": "FAIL_LOGIC",
      "execution_time": 0.011298420952587592,
      "error_message": "Unknown test failure",
      "error_type": "UnknownError"
    },
    {
      "test_id": "tests/unit/interfaces/test_ui_state_manager_interface.py::TestUIStateManagerBehavior::test_graph_editor_height",
      "file_path": "tests/unit/interfaces/test_ui_state_manager_interface.py",
      "test_name": "TestUIStateManagerBehavior::test_graph_editor_height",
      "status": "FAIL_LOGIC",
      "execution_time": 0.011298420952587592,
      "error_message": "Unknown test failure",
      "error_type": "UnknownError"
    },
    {
      "test_id": "tests/unit/interfaces/test_ui_state_manager_interface.py::TestUIStateManagerBehavior::test_option_picker_state",
      "file_path": "tests/unit/interfaces/test_ui_state_manager_interface.py",
      "test_name": "TestUIStateManagerBehavior::test_option_picker_state",
      "status": "FAIL_LOGIC",
      "execution_time": 0.011298420952587592,
      "error_message": "Unknown test failure",
      "error_type": "UnknownError"
    },
    {
      "test_id": "tests/unit/interfaces/test_ui_state_manager_interface.py::TestUIStateManagerBehavior::test_component_visibility",
      "file_path": "tests/unit/interfaces/test_ui_state_manager_interface.py",
      "test_name": "TestUIStateManagerBehavior::test_component_visibility",
      "status": "FAIL_LOGIC",
      "execution_time": 0.011298420952587592,
      "error_message": "Unknown test failure",
      "error_type": "UnknownError"
    },
    {
      "test_id": "tests/unit/interfaces/test_ui_state_manager_interface.py::TestUIStateManagerBehavior::test_window_state_management",
      "file_path": "tests/unit/interfaces/test_ui_state_manager_interface.py",
      "test_name": "TestUIStateManagerBehavior::test_window_state_management",
      "status": "FAIL_LOGIC",
      "execution_time": 0.011298420952587592,
      "error_message": "Unknown test failure",
      "error_type": "UnknownError"
    },
    {
      "test_id": "tests/unit/interfaces/test_ui_state_manager_interface.py::TestUIStateManagerBehavior::test_hotkey_management",
      "file_path": "tests/unit/interfaces/test_ui_state_manager_interface.py",
      "test_name": "TestUIStateManagerBehavior::test_hotkey_management",
      "status": "FAIL_LOGIC",
      "execution_time": 0.011298420952587592,
      "error_message": "Unknown test failure",
      "error_type": "UnknownError"
    },
    {
      "test_id": "tests/unit/interfaces/test_ui_state_manager_interface.py::TestUIStateManagerBehavior::test_get_all_settings",
      "file_path": "tests/unit/interfaces/test_ui_state_manager_interface.py",
      "test_name": "TestUIStateManagerBehavior::test_get_all_settings",
      "status": "FAIL_LOGIC",
      "execution_time": 0.011298420952587592,
      "error_message": "Unknown test failure",
      "error_type": "UnknownError"
    },
    {
      "test_id": "tests/unit/interfaces/test_ui_state_manager_interface.py::TestUIStateManagerBehavior::test_clear_settings",
      "file_path": "tests/unit/interfaces/test_ui_state_manager_interface.py",
      "test_name": "TestUIStateManagerBehavior::test_clear_settings",
      "status": "FAIL_LOGIC",
      "execution_time": 0.011298420952587592,
      "error_message": "Unknown test failure",
      "error_type": "UnknownError"
    },
    {
      "test_id": "tests/unit/interfaces/test_ui_state_manager_interface.py::TestUIStateManagerBehavior::test_reset_to_defaults",
      "file_path": "tests/unit/interfaces/test_ui_state_manager_interface.py",
      "test_name": "TestUIStateManagerBehavior::test_reset_to_defaults",
      "status": "FAIL_LOGIC",
      "execution_time": 0.011298420952587592,
      "error_message": "Unknown test failure",
      "error_type": "UnknownError"
    },
    {
      "test_id": "tests/unit/interfaces/test_ui_state_manager_interface.py::TestUIStateManagerBehavior::test_import_export_settings",
      "file_path": "tests/unit/interfaces/test_ui_state_manager_interface.py",
      "test_name": "TestUIStateManagerBehavior::test_import_export_settings",
      "status": "FAIL_LOGIC",
      "execution_time": 0.011298420952587592,
      "error_message": "Unknown test failure",
      "error_type": "UnknownError"
    },
    {
      "test_id": "tests/unit/interfaces/test_ui_state_manager_interface.py::TestUIStateManagerBehavior::test_save_and_load_state",
      "file_path": "tests/unit/interfaces/test_ui_state_manager_interface.py",
      "test_name": "TestUIStateManagerBehavior::test_save_and_load_state",
      "status": "FAIL_LOGIC",
      "execution_time": 0.011298420952587592,
      "error_message": "Unknown test failure",
      "error_type": "UnknownError"
    },
    {
      "test_id": "tests/unit/interfaces/test_ui_state_manager_interface.py::TestUIStateManagerWithSessionService::test_setting_change_triggers_session_save",
      "file_path": "tests/unit/interfaces/test_ui_state_manager_interface.py",
      "test_name": "TestUIStateManagerWithSessionService::test_setting_change_triggers_session_save",
      "status": "FAIL_LOGIC",
      "execution_time": 0.011298420952587592,
      "error_message": "Unknown test failure",
      "error_type": "UnknownError"
    },
    {
      "test_id": "tests/unit/interfaces/test_ui_state_manager_interface.py::TestUIStateManagerWithSessionService::test_tab_change_triggers_session_save",
      "file_path": "tests/unit/interfaces/test_ui_state_manager_interface.py",
      "test_name": "TestUIStateManagerWithSessionService::test_tab_change_triggers_session_save",
      "status": "FAIL_LOGIC",
      "execution_time": 0.011298420952587592,
      "error_message": "Unknown test failure",
      "error_type": "UnknownError"
    },
    {
      "test_id": "tests/unit/interfaces/test_ui_state_manager_interface.py::TestUIStateManagerWithSessionService::test_graph_editor_toggle_triggers_session_save",
      "file_path": "tests/unit/interfaces/test_ui_state_manager_interface.py",
      "test_name": "TestUIStateManagerWithSessionService::test_graph_editor_toggle_triggers_session_save",
      "status": "FAIL_LOGIC",
      "execution_time": 0.011298420952587592,
      "error_message": "Unknown test failure",
      "error_type": "UnknownError"
    },
    {
      "test_id": "tests/unit/interfaces/test_ui_state_manager_interface.py::TestMockUIStateManager::test_mock_implements_interface",
      "file_path": "tests/unit/interfaces/test_ui_state_manager_interface.py",
      "test_name": "TestMockUIStateManager::test_mock_implements_interface",
      "status": "FAIL_LOGIC",
      "execution_time": 0.011298420952587592,
      "error_message": "Unknown test failure",
      "error_type": "UnknownError"
    },
    {
      "test_id": "tests/unit/interfaces/test_ui_state_manager_interface.py::TestMockUIStateManager::test_mock_basic_functionality",
      "file_path": "tests/unit/interfaces/test_ui_state_manager_interface.py",
      "test_name": "TestMockUIStateManager::test_mock_basic_functionality",
      "status": "FAIL_LOGIC",
      "execution_time": 0.011298420952587592,
      "error_message": "Unknown test failure",
      "error_type": "UnknownError"
    },
    {
      "test_id": "tests/unit/interfaces/test_ui_state_manager_interface.py::TestMockUIStateManager::test_mock_clear_settings",
      "file_path": "tests/unit/interfaces/test_ui_state_manager_interface.py",
      "test_name": "TestMockUIStateManager::test_mock_clear_settings",
      "status": "FAIL_LOGIC",
      "execution_time": 0.011298420952587592,
      "error_message": "Unknown test failure",
      "error_type": "UnknownError"
    },
    {
      "test_id": "tests/unit/interfaces/test_workbench_state_manager_interface.py::TestWorkbenchStateManagerInterface::test_workbench_state_manager_implements_interface",
      "file_path": "tests/unit/interfaces/test_workbench_state_manager_interface.py",
      "test_name": "TestWorkbenchStateManagerInterface::test_workbench_state_manager_implements_interface",
      "status": "FAIL_LOGIC",
      "execution_time": 0.011298420952587592,
      "error_message": "Unknown test failure",
      "error_type": "UnknownError"
    },
    {
      "test_id": "tests/unit/interfaces/test_workbench_state_manager_interface.py::TestWorkbenchStateManagerInterface::test_all_interface_methods_implemented",
      "file_path": "tests/unit/interfaces/test_workbench_state_manager_interface.py",
      "test_name": "TestWorkbenchStateManagerInterface::test_all_interface_methods_implemented",
      "status": "FAIL_LOGIC",
      "execution_time": 0.011298420952587592,
      "error_message": "Unknown test failure",
      "error_type": "UnknownError"
    },
    {
      "test_id": "tests/unit/interfaces/test_workbench_state_manager_interface.py::TestWorkbenchStateManagerInterface::test_method_signatures_match_interface",
      "file_path": "tests/unit/interfaces/test_workbench_state_manager_interface.py",
      "test_name": "TestWorkbenchStateManagerInterface::test_method_signatures_match_interface",
      "status": "FAIL_LOGIC",
      "execution_time": 0.011298420952587592,
      "error_message": "Unknown test failure",
      "error_type": "UnknownError"
    },
    {
      "test_id": "tests/unit/interfaces/test_workbench_state_manager_interface.py::TestWorkbenchStateManagerBehavior::test_initial_state_is_empty",
      "file_path": "tests/unit/interfaces/test_workbench_state_manager_interface.py",
      "test_name": "TestWorkbenchStateManagerBehavior::test_initial_state_is_empty",
      "status": "FAIL_LOGIC",
      "execution_time": 0.011298420952587592,
      "error_message": "Unknown test failure",
      "error_type": "UnknownError"
    },
    {
      "test_id": "tests/unit/interfaces/test_workbench_state_manager_interface.py::TestWorkbenchStateManagerBehavior::test_set_sequence_changes_state",
      "file_path": "tests/unit/interfaces/test_workbench_state_manager_interface.py",
      "test_name": "TestWorkbenchStateManagerBehavior::test_set_sequence_changes_state",
      "status": "FAIL_LOGIC",
      "execution_time": 0.011298420952587592,
      "error_message": "Unknown test failure",
      "error_type": "UnknownError"
    },
    {
      "test_id": "tests/unit/interfaces/test_workbench_state_manager_interface.py::TestWorkbenchStateManagerBehavior::test_set_start_position_changes_state",
      "file_path": "tests/unit/interfaces/test_workbench_state_manager_interface.py",
      "test_name": "TestWorkbenchStateManagerBehavior::test_set_start_position_changes_state",
      "status": "FAIL_LOGIC",
      "execution_time": 0.011298420952587592,
      "error_message": "Unknown test failure",
      "error_type": "UnknownError"
    },
    {
      "test_id": "tests/unit/interfaces/test_workbench_state_manager_interface.py::TestWorkbenchStateManagerBehavior::test_set_both_sequence_and_start_position",
      "file_path": "tests/unit/interfaces/test_workbench_state_manager_interface.py",
      "test_name": "TestWorkbenchStateManagerBehavior::test_set_both_sequence_and_start_position",
      "status": "FAIL_LOGIC",
      "execution_time": 0.011298420952587592,
      "error_message": "Unknown test failure",
      "error_type": "UnknownError"
    },
    {
      "test_id": "tests/unit/interfaces/test_workbench_state_manager_interface.py::TestWorkbenchStateManagerBehavior::test_clear_all_state",
      "file_path": "tests/unit/interfaces/test_workbench_state_manager_interface.py",
      "test_name": "TestWorkbenchStateManagerBehavior::test_clear_all_state",
      "status": "FAIL_LOGIC",
      "execution_time": 0.011298420952587592,
      "error_message": "Unknown test failure",
      "error_type": "UnknownError"
    },
    {
      "test_id": "tests/unit/interfaces/test_workbench_state_manager_interface.py::TestWorkbenchStateManagerBehavior::test_restoration_mode",
      "file_path": "tests/unit/interfaces/test_workbench_state_manager_interface.py",
      "test_name": "TestWorkbenchStateManagerBehavior::test_restoration_mode",
      "status": "FAIL_LOGIC",
      "execution_time": 0.011298420952587592,
      "error_message": "Unknown test failure",
      "error_type": "UnknownError"
    },
    {
      "test_id": "tests/unit/interfaces/test_workbench_state_manager_interface.py::TestWorkbenchStateManagerBehavior::test_should_enable_operations",
      "file_path": "tests/unit/interfaces/test_workbench_state_manager_interface.py",
      "test_name": "TestWorkbenchStateManagerBehavior::test_should_enable_operations",
      "status": "FAIL_LOGIC",
      "execution_time": 0.011298420952587592,
      "error_message": "Unknown test failure",
      "error_type": "UnknownError"
    },
    {
      "test_id": "tests/unit/interfaces/test_workbench_state_manager_interface.py::TestWorkbenchStateManagerBehavior::test_should_prevent_auto_save_during_restoration",
      "file_path": "tests/unit/interfaces/test_workbench_state_manager_interface.py",
      "test_name": "TestWorkbenchStateManagerBehavior::test_should_prevent_auto_save_during_restoration",
      "status": "FAIL_LOGIC",
      "execution_time": 0.011298420952587592,
      "error_message": "Unknown test failure",
      "error_type": "UnknownError"
    },
    {
      "test_id": "tests/unit/interfaces/test_workbench_state_manager_interface.py::TestWorkbenchStateManagerBehavior::test_get_complete_sequence_with_start_position",
      "file_path": "tests/unit/interfaces/test_workbench_state_manager_interface.py",
      "test_name": "TestWorkbenchStateManagerBehavior::test_get_complete_sequence_with_start_position",
      "status": "FAIL_LOGIC",
      "execution_time": 0.011298420952587592,
      "error_message": "Unknown test failure",
      "error_type": "UnknownError"
    },
    {
      "test_id": "tests/unit/interfaces/test_workbench_state_manager_interface.py::TestWorkbenchStateManagerBehavior::test_validate_state_consistency",
      "file_path": "tests/unit/interfaces/test_workbench_state_manager_interface.py",
      "test_name": "TestWorkbenchStateManagerBehavior::test_validate_state_consistency",
      "status": "FAIL_LOGIC",
      "execution_time": 0.011298420952587592,
      "error_message": "Unknown test failure",
      "error_type": "UnknownError"
    },
    {
      "test_id": "tests/unit/interfaces/test_workbench_state_manager_interface.py::TestWorkbenchStateManagerBehavior::test_get_state_summary",
      "file_path": "tests/unit/interfaces/test_workbench_state_manager_interface.py",
      "test_name": "TestWorkbenchStateManagerBehavior::test_get_state_summary",
      "status": "FAIL_LOGIC",
      "execution_time": 0.011298420952587592,
      "error_message": "Unknown test failure",
      "error_type": "UnknownError"
    },
    {
      "test_id": "tests/unit/interfaces/test_workbench_state_manager_interface.py::TestWorkbenchStateManagerBehavior::test_no_change_result_when_setting_same_data",
      "file_path": "tests/unit/interfaces/test_workbench_state_manager_interface.py",
      "test_name": "TestWorkbenchStateManagerBehavior::test_no_change_result_when_setting_same_data",
      "status": "FAIL_LOGIC",
      "execution_time": 0.011298420952587592,
      "error_message": "Unknown test failure",
      "error_type": "UnknownError"
    },
    {
      "test_id": "tests/unit/interfaces/test_workbench_state_manager_interface.py::TestMockWorkbenchStateManager::test_mock_implements_interface",
      "file_path": "tests/unit/interfaces/test_workbench_state_manager_interface.py",
      "test_name": "TestMockWorkbenchStateManager::test_mock_implements_interface",
      "status": "FAIL_LOGIC",
      "execution_time": 0.011298420952587592,
      "error_message": "Unknown test failure",
      "error_type": "UnknownError"
    },
    {
      "test_id": "tests/unit/interfaces/test_workbench_state_manager_interface.py::TestMockWorkbenchStateManager::test_mock_basic_functionality",
      "file_path": "tests/unit/interfaces/test_workbench_state_manager_interface.py",
      "test_name": "TestMockWorkbenchStateManager::test_mock_basic_functionality",
      "status": "FAIL_LOGIC",
      "execution_time": 0.011298420952587592,
      "error_message": "Unknown test failure",
      "error_type": "UnknownError"
    },
    {
      "test_id": "tests/unit/presentation/components/option_picker/test_option_picker_refactored_components.py::TestOptionPickerAnimator::test_animator_initialization",
      "file_path": "tests/unit/presentation/components/option_picker/test_option_picker_refactored_components.py",
      "test_name": "TestOptionPickerAnimator::test_animator_initialization",
      "status": "FAIL_LOGIC",
      "execution_time": 0.030263519287109374,
      "error_message": "Unknown test failure",
      "error_type": "UnknownError"
    },
    {
      "test_id": "tests/unit/presentation/components/option_picker/test_option_picker_refactored_components.py::TestOptionPickerAnimator::test_animator_skip_animation",
      "file_path": "tests/unit/presentation/components/option_picker/test_option_picker_refactored_components.py",
      "test_name": "TestOptionPickerAnimator::test_animator_skip_animation",
      "status": "FAIL_LOGIC",
      "execution_time": 0.030263519287109374,
      "error_message": "Unknown test failure",
      "error_type": "UnknownError"
    },
    {
      "test_id": "tests/unit/presentation/components/option_picker/test_option_picker_refactored_components.py::TestOptionPickerAnimator::test_animator_with_no_frames",
      "file_path": "tests/unit/presentation/components/option_picker/test_option_picker_refactored_components.py",
      "test_name": "TestOptionPickerAnimator::test_animator_with_no_frames",
      "status": "FAIL_LOGIC",
      "execution_time": 0.030263519287109374,
      "error_message": "Unknown test failure",
      "error_type": "UnknownError"
    },
    {
      "test_id": "tests/unit/presentation/components/option_picker/test_option_picker_refactored_components.py::TestOptionPickerSizeManager::test_size_manager_initialization",
      "file_path": "tests/unit/presentation/components/option_picker/test_option_picker_refactored_components.py",
      "test_name": "TestOptionPickerSizeManager::test_size_manager_initialization",
      "status": "FAIL_LOGIC",
      "execution_time": 0.030263519287109374,
      "error_message": "Unknown test failure",
      "error_type": "UnknownError"
    },
    {
      "test_id": "tests/unit/presentation/components/option_picker/test_option_picker_refactored_components.py::TestOptionPickerSizeManager::test_calculate_optimal_width_with_parent",
      "file_path": "tests/unit/presentation/components/option_picker/test_option_picker_refactored_components.py",
      "test_name": "TestOptionPickerSizeManager::test_calculate_optimal_width_with_parent",
      "status": "FAIL_LOGIC",
      "execution_time": 0.030263519287109374,
      "error_message": "Unknown test failure",
      "error_type": "UnknownError"
    },
    {
      "test_id": "tests/unit/presentation/components/option_picker/test_option_picker_refactored_components.py::TestOptionPickerSizeManager::test_calculate_optimal_width_fallback",
      "file_path": "tests/unit/presentation/components/option_picker/test_option_picker_refactored_components.py",
      "test_name": "TestOptionPickerSizeManager::test_calculate_optimal_width_fallback",
      "status": "FAIL_LOGIC",
      "execution_time": 0.030263519287109374,
      "error_message": "Unknown test failure",
      "error_type": "UnknownError"
    },
    {
      "test_id": "tests/unit/presentation/components/option_picker/test_option_picker_refactored_components.py::TestOptionPickerSizeManager::test_width_accuracy_validation",
      "file_path": "tests/unit/presentation/components/option_picker/test_option_picker_refactored_components.py",
      "test_name": "TestOptionPickerSizeManager::test_width_accuracy_validation",
      "status": "FAIL_LOGIC",
      "execution_time": 0.030263519287109374,
      "error_message": "Unknown test failure",
      "error_type": "UnknownError"
    },
    {
      "test_id": "tests/unit/presentation/components/option_picker/test_option_picker_refactored_components.py::TestOptionPickerSizeManager::test_ui_readiness_check",
      "file_path": "tests/unit/presentation/components/option_picker/test_option_picker_refactored_components.py",
      "test_name": "TestOptionPickerSizeManager::test_ui_readiness_check",
      "status": "FAIL_LOGIC",
      "execution_time": 0.030263519287109374,
      "error_message": "Unknown test failure",
      "error_type": "UnknownError"
    },
    {
      "test_id": "tests/unit/presentation/components/option_picker/test_option_picker_refactored_components.py::TestOptionPickerSectionManager::test_section_manager_initialization",
      "file_path": "tests/unit/presentation/components/option_picker/test_option_picker_refactored_components.py",
      "test_name": "TestOptionPickerSectionManager::test_section_manager_initialization",
      "status": "FAIL_LOGIC",
      "execution_time": 0.030263519287109374,
      "error_message": "Unknown test failure",
      "error_type": "UnknownError"
    },
    {
      "test_id": "tests/unit/presentation/components/option_picker/test_option_picker_refactored_components.py::TestOptionPickerSectionManager::test_update_all_sections_directly",
      "file_path": "tests/unit/presentation/components/option_picker/test_option_picker_refactored_components.py",
      "test_name": "TestOptionPickerSectionManager::test_update_all_sections_directly",
      "status": "FAIL_LOGIC",
      "execution_time": 0.030263519287109374,
      "error_message": "Unknown test failure",
      "error_type": "UnknownError"
    },
    {
      "test_id": "tests/unit/presentation/components/option_picker/test_option_picker_refactored_components.py::TestOptionPickerSectionManager::test_clear_all_sections",
      "file_path": "tests/unit/presentation/components/option_picker/test_option_picker_refactored_components.py",
      "test_name": "TestOptionPickerSectionManager::test_clear_all_sections",
      "status": "FAIL_LOGIC",
      "execution_time": 0.030263519287109374,
      "error_message": "Unknown test failure",
      "error_type": "UnknownError"
    },
    {
      "test_id": "tests/unit/presentation/components/option_picker/test_option_picker_refactored_components.py::TestOptionPickerSectionManager::test_get_all_pictograph_frames",
      "file_path": "tests/unit/presentation/components/option_picker/test_option_picker_refactored_components.py",
      "test_name": "TestOptionPickerSectionManager::test_get_all_pictograph_frames",
      "status": "FAIL_LOGIC",
      "execution_time": 0.030263519287109374,
      "error_message": "Unknown test failure",
      "error_type": "UnknownError"
    },
    {
      "test_id": "tests/unit/presentation/components/option_picker/test_option_picker_refactored_components.py::TestOptionPickerWidgetPoolManager::test_widget_pool_manager_initialization",
      "file_path": "tests/unit/presentation/components/option_picker/test_option_picker_refactored_components.py",
      "test_name": "TestOptionPickerWidgetPoolManager::test_widget_pool_manager_initialization",
      "status": "FAIL_LOGIC",
      "execution_time": 0.030263519287109374,
      "error_message": "Unknown test failure",
      "error_type": "UnknownError"
    },
    {
      "test_id": "tests/unit/presentation/components/option_picker/test_option_picker_refactored_components.py::TestOptionPickerWidgetPoolManager::test_get_widget_by_id",
      "file_path": "tests/unit/presentation/components/option_picker/test_option_picker_refactored_components.py",
      "test_name": "TestOptionPickerWidgetPoolManager::test_get_widget_by_id",
      "status": "FAIL_LOGIC",
      "execution_time": 0.030263519287109374,
      "error_message": "Unknown test failure",
      "error_type": "UnknownError"
    },
    {
      "test_id": "tests/unit/presentation/components/option_picker/test_option_picker_refactored_components.py::TestOptionPickerWidgetPoolManager::test_reset_pool",
      "file_path": "tests/unit/presentation/components/option_picker/test_option_picker_refactored_components.py",
      "test_name": "TestOptionPickerWidgetPoolManager::test_reset_pool",
      "status": "FAIL_LOGIC",
      "execution_time": 0.030263519287109374,
      "error_message": "Unknown test failure",
      "error_type": "UnknownError"
    },
    {
      "test_id": "tests/unit/presentation/components/option_picker/test_option_picker_refactored_components.py::TestOptionPickerLayoutOrchestrator::test_layout_orchestrator_initialization",
      "file_path": "tests/unit/presentation/components/option_picker/test_option_picker_refactored_components.py",
      "test_name": "TestOptionPickerLayoutOrchestrator::test_layout_orchestrator_initialization",
      "status": "FAIL_LOGIC",
      "execution_time": 0.030263519287109374,
      "error_message": "Unknown test failure",
      "error_type": "UnknownError"
    },
    {
      "test_id": "tests/unit/presentation/components/option_picker/test_option_picker_refactored_components.py::TestOptionPickerLayoutOrchestrator::test_add_header_widget",
      "file_path": "tests/unit/presentation/components/option_picker/test_option_picker_refactored_components.py",
      "test_name": "TestOptionPickerLayoutOrchestrator::test_add_header_widget",
      "status": "FAIL_LOGIC",
      "execution_time": 0.030263519287109374,
      "error_message": "Unknown test failure",
      "error_type": "UnknownError"
    },
    {
      "test_id": "tests/unit/presentation/components/option_picker/test_option_picker_refactored_components.py::TestOptionPickerLayoutOrchestrator::test_add_section_widget",
      "file_path": "tests/unit/presentation/components/option_picker/test_option_picker_refactored_components.py",
      "test_name": "TestOptionPickerLayoutOrchestrator::test_add_section_widget",
      "status": "FAIL_LOGIC",
      "execution_time": 0.030263519287109374,
      "error_message": "Unknown test failure",
      "error_type": "UnknownError"
    },
    {
      "test_id": "tests/unit/presentation/components/option_picker/test_option_picker_refactored_components.py::TestOptionPickerLayoutOrchestrator::test_clear_layout",
      "file_path": "tests/unit/presentation/components/option_picker/test_option_picker_refactored_components.py",
      "test_name": "TestOptionPickerLayoutOrchestrator::test_clear_layout",
      "status": "FAIL_LOGIC",
      "execution_time": 0.030263519287109374,
      "error_message": "Unknown test failure",
      "error_type": "UnknownError"
    },
    {
      "test_id": "tests/unit/presentation/components/option_picker/test_option_picker_refactored_components.py::TestOptionPickerLayoutOrchestrator::test_get_layout_info",
      "file_path": "tests/unit/presentation/components/option_picker/test_option_picker_refactored_components.py",
      "test_name": "TestOptionPickerLayoutOrchestrator::test_get_layout_info",
      "status": "FAIL_LOGIC",
      "execution_time": 0.030263519287109374,
      "error_message": "Unknown test failure",
      "error_type": "UnknownError"
    },
    {
      "test_id": "tests/unit/presentation/components/option_picker/test_option_picker_refactored_components.py::TestOptionPickerComponentsIntegration::test_components_work_together",
      "file_path": "tests/unit/presentation/components/option_picker/test_option_picker_refactored_components.py",
      "test_name": "TestOptionPickerComponentsIntegration::test_components_work_together",
      "status": "FAIL_LOGIC",
      "execution_time": 0.030263519287109374,
      "error_message": "Unknown test failure",
      "error_type": "UnknownError"
    },
    {
      "test_id": "tests/unit/presentation/tabs/construct/test_layout_manager.py::TestConstructTabLayoutManager::test_initialization",
      "file_path": "tests/unit/presentation/tabs/construct/test_layout_manager.py",
      "test_name": "TestConstructTabLayoutManager::test_initialization",
      "status": "FAIL_LOGIC",
      "execution_time": 0.030263519287109374,
      "error_message": "Unknown test failure",
      "error_type": "UnknownError"
    },
    {
      "test_id": "tests/unit/presentation/tabs/construct/test_layout_manager.py::TestConstructTabLayoutManager::test_initialization_with_animation_orchestrator",
      "file_path": "tests/unit/presentation/tabs/construct/test_layout_manager.py",
      "test_name": "TestConstructTabLayoutManager::test_initialization_with_animation_orchestrator",
      "status": "FAIL_LOGIC",
      "execution_time": 0.030263519287109374,
      "error_message": "Unknown test failure",
      "error_type": "UnknownError"
    },
    {
      "test_id": "tests/unit/presentation/tabs/construct/test_layout_manager.py::TestConstructTabLayoutManager::test_initialization_without_animation_orchestrator",
      "file_path": "tests/unit/presentation/tabs/construct/test_layout_manager.py",
      "test_name": "TestConstructTabLayoutManager::test_initialization_without_animation_orchestrator",
      "status": "FAIL_LOGIC",
      "execution_time": 0.030263519287109374,
      "error_message": "Unknown test failure",
      "error_type": "UnknownError"
    },
    {
      "test_id": "tests/unit/presentation/tabs/construct/test_layout_manager.py::TestConstructTabLayoutManager::test_create_workbench_panel",
      "file_path": "tests/unit/presentation/tabs/construct/test_layout_manager.py",
      "test_name": "TestConstructTabLayoutManager::test_create_workbench_panel",
      "status": "FAIL_LOGIC",
      "execution_time": 0.030263519287109374,
      "error_message": "Unknown test failure",
      "error_type": "UnknownError"
    },
    {
      "test_id": "tests/unit/presentation/tabs/construct/test_layout_manager.py::TestConstructTabLayoutManager::test_transition_methods_set_transitioning_flag",
      "file_path": "tests/unit/presentation/tabs/construct/test_layout_manager.py",
      "test_name": "TestConstructTabLayoutManager::test_transition_methods_set_transitioning_flag",
      "status": "FAIL_LOGIC",
      "execution_time": 0.030263519287109374,
      "error_message": "Unknown test failure",
      "error_type": "UnknownError"
    },
    {
      "test_id": "tests/unit/presentation/tabs/construct/test_layout_manager.py::TestConstructTabLayoutManager::test_transition_skipped_when_already_transitioning",
      "file_path": "tests/unit/presentation/tabs/construct/test_layout_manager.py",
      "test_name": "TestConstructTabLayoutManager::test_transition_skipped_when_already_transitioning",
      "status": "FAIL_LOGIC",
      "execution_time": 0.030263519287109374,
      "error_message": "Unknown test failure",
      "error_type": "UnknownError"
    },
    {
      "test_id": "tests/unit/presentation/tabs/construct/test_layout_manager.py::TestConstructTabLayoutManager::test_transition_skipped_when_already_on_target",
      "file_path": "tests/unit/presentation/tabs/construct/test_layout_manager.py",
      "test_name": "TestConstructTabLayoutManager::test_transition_skipped_when_already_on_target",
      "status": "FAIL_LOGIC",
      "execution_time": 0.030263519287109374,
      "error_message": "Unknown test failure",
      "error_type": "UnknownError"
    },
    {
      "test_id": "tests/unit/presentation/tabs/construct/test_layout_manager.py::TestConstructTabLayoutManager::test_reset_transition_state",
      "file_path": "tests/unit/presentation/tabs/construct/test_layout_manager.py",
      "test_name": "TestConstructTabLayoutManager::test_reset_transition_state",
      "status": "FAIL_LOGIC",
      "execution_time": 0.030263519287109374,
      "error_message": "Unknown test failure",
      "error_type": "UnknownError"
    },
    {
      "test_id": "tests/unit/presentation/tabs/construct/test_layout_manager.py::TestConstructTabLayoutManager::test_fallback_transition",
      "file_path": "tests/unit/presentation/tabs/construct/test_layout_manager.py",
      "test_name": "TestConstructTabLayoutManager::test_fallback_transition",
      "status": "FAIL_LOGIC",
      "execution_time": 0.030263519287109374,
      "error_message": "Unknown test failure",
      "error_type": "UnknownError"
    },
    {
      "test_id": "tests/unit/presentation/tabs/construct/test_layout_manager.py::TestConstructTabLayoutManager::test_update_tab_active_state",
      "file_path": "tests/unit/presentation/tabs/construct/test_layout_manager.py",
      "test_name": "TestConstructTabLayoutManager::test_update_tab_active_state",
      "status": "FAIL_LOGIC",
      "execution_time": 0.030263519287109374,
      "error_message": "Unknown test failure",
      "error_type": "UnknownError"
    },
    {
      "test_id": "tests/unit/presentation/tabs/construct/test_layout_manager.py::TestConstructTabLayoutManager::test_clear_graphics_effects",
      "file_path": "tests/unit/presentation/tabs/construct/test_layout_manager.py",
      "test_name": "TestConstructTabLayoutManager::test_clear_graphics_effects",
      "status": "FAIL_LOGIC",
      "execution_time": 0.030263519287109374,
      "error_message": "Unknown test failure",
      "error_type": "UnknownError"
    },
    {
      "test_id": "tests/unit/presentation/tabs/construct/test_layout_manager.py::TestConstructTabLayoutManager::test_progress_callback_called_during_setup",
      "file_path": "tests/unit/presentation/tabs/construct/test_layout_manager.py",
      "test_name": "TestConstructTabLayoutManager::test_progress_callback_called_during_setup",
      "status": "FAIL_LOGIC",
      "execution_time": 0.030263519287109374,
      "error_message": "Unknown test failure",
      "error_type": "UnknownError"
    },
    {
      "test_id": "tests/unit/presentation/tabs/construct/test_refactored_components.py::TestPanelFactory::test_create_workbench_panel",
      "file_path": "tests/unit/presentation/tabs/construct/test_refactored_components.py",
      "test_name": "TestPanelFactory::test_create_workbench_panel",
      "status": "FAIL_LOGIC",
      "execution_time": 0.030263519287109374,
      "error_message": "Unknown test failure",
      "error_type": "UnknownError"
    },
    {
      "test_id": "tests/unit/presentation/tabs/construct/test_refactored_components.py::TestPanelFactory::test_create_start_position_panel_success",
      "file_path": "tests/unit/presentation/tabs/construct/test_refactored_components.py",
      "test_name": "TestPanelFactory::test_create_start_position_panel_success",
      "status": "FAIL_LOGIC",
      "execution_time": 0.030263519287109374,
      "error_message": "Unknown test failure",
      "error_type": "UnknownError"
    },
    {
      "test_id": "tests/unit/presentation/tabs/construct/test_refactored_components.py::TestPanelFactory::test_create_start_position_panel_failure",
      "file_path": "tests/unit/presentation/tabs/construct/test_refactored_components.py",
      "test_name": "TestPanelFactory::test_create_start_position_panel_failure",
      "status": "FAIL_LOGIC",
      "execution_time": 0.030263519287109374,
      "error_message": "Unknown test failure",
      "error_type": "UnknownError"
    },
    {
      "test_id": "tests/unit/presentation/tabs/construct/test_refactored_components.py::TestPanelFactory::test_create_option_picker_panel_success",
      "file_path": "tests/unit/presentation/tabs/construct/test_refactored_components.py",
      "test_name": "TestPanelFactory::test_create_option_picker_panel_success",
      "status": "FAIL_LOGIC",
      "execution_time": 0.030263519287109374,
      "error_message": "Unknown test failure",
      "error_type": "UnknownError"
    },
    {
      "test_id": "tests/unit/presentation/tabs/construct/test_refactored_components.py::TestPanelFactory::test_create_graph_editor_panel_success",
      "file_path": "tests/unit/presentation/tabs/construct/test_refactored_components.py",
      "test_name": "TestPanelFactory::test_create_graph_editor_panel_success",
      "status": "FAIL_LOGIC",
      "execution_time": 0.030263519287109374,
      "error_message": "Unknown test failure",
      "error_type": "UnknownError"
    },
    {
      "test_id": "tests/unit/presentation/tabs/construct/test_refactored_components.py::TestPanelFactory::test_create_generate_controls_panel_success",
      "file_path": "tests/unit/presentation/tabs/construct/test_refactored_components.py",
      "test_name": "TestPanelFactory::test_create_generate_controls_panel_success",
      "status": "FAIL_LOGIC",
      "execution_time": 0.030263519287109374,
      "error_message": "Unknown test failure",
      "error_type": "UnknownError"
    },
    {
      "test_id": "tests/unit/presentation/tabs/construct/test_refactored_components.py::TestTransitionAnimator::test_initialization",
      "file_path": "tests/unit/presentation/tabs/construct/test_refactored_components.py",
      "test_name": "TestTransitionAnimator::test_initialization",
      "status": "FAIL_LOGIC",
      "execution_time": 0.030263519287109374,
      "error_message": "Unknown test failure",
      "error_type": "UnknownError"
    },
    {
      "test_id": "tests/unit/presentation/tabs/construct/test_refactored_components.py::TestTransitionAnimator::test_fade_to_panel_same_index",
      "file_path": "tests/unit/presentation/tabs/construct/test_refactored_components.py",
      "test_name": "TestTransitionAnimator::test_fade_to_panel_same_index",
      "status": "FAIL_LOGIC",
      "execution_time": 0.030263519287109374,
      "error_message": "Unknown test failure",
      "error_type": "UnknownError"
    },
    {
      "test_id": "tests/unit/presentation/tabs/construct/test_refactored_components.py::TestTransitionAnimator::test_fade_to_panel_while_transitioning",
      "file_path": "tests/unit/presentation/tabs/construct/test_refactored_components.py",
      "test_name": "TestTransitionAnimator::test_fade_to_panel_while_transitioning",
      "status": "FAIL_LOGIC",
      "execution_time": 0.030263519287109374,
      "error_message": "Unknown test failure",
      "error_type": "UnknownError"
    },
    {
      "test_id": "tests/unit/presentation/tabs/construct/test_refactored_components.py::TestTransitionAnimator::test_reset_transition_state",
      "file_path": "tests/unit/presentation/tabs/construct/test_refactored_components.py",
      "test_name": "TestTransitionAnimator::test_reset_transition_state",
      "status": "FAIL_LOGIC",
      "execution_time": 0.030263519287109374,
      "error_message": "Unknown test failure",
      "error_type": "UnknownError"
    },
    {
      "test_id": "tests/unit/presentation/tabs/construct/test_refactored_components.py::TestComponentConnector::test_initialization",
      "file_path": "tests/unit/presentation/tabs/construct/test_refactored_components.py",
      "test_name": "TestComponentConnector::test_initialization",
      "status": "FAIL_LOGIC",
      "execution_time": 0.030263519287109374,
      "error_message": "Unknown test failure",
      "error_type": "UnknownError"
    },
    {
      "test_id": "tests/unit/presentation/tabs/construct/test_refactored_components.py::TestComponentConnector::test_set_workbench",
      "file_path": "tests/unit/presentation/tabs/construct/test_refactored_components.py",
      "test_name": "TestComponentConnector::test_set_workbench",
      "status": "FAIL_LOGIC",
      "execution_time": 0.030263519287109374,
      "error_message": "Unknown test failure",
      "error_type": "UnknownError"
    },
    {
      "test_id": "tests/unit/presentation/tabs/construct/test_refactored_components.py::TestComponentConnector::test_set_graph_editor",
      "file_path": "tests/unit/presentation/tabs/construct/test_refactored_components.py",
      "test_name": "TestComponentConnector::test_set_graph_editor",
      "status": "FAIL_LOGIC",
      "execution_time": 0.030263519287109374,
      "error_message": "Unknown test failure",
      "error_type": "UnknownError"
    },
    {
      "test_id": "tests/unit/presentation/tabs/construct/test_refactored_components.py::TestComponentConnector::test_set_generate_panel",
      "file_path": "tests/unit/presentation/tabs/construct/test_refactored_components.py",
      "test_name": "TestComponentConnector::test_set_generate_panel",
      "status": "FAIL_LOGIC",
      "execution_time": 0.030263519287109374,
      "error_message": "Unknown test failure",
      "error_type": "UnknownError"
    },
    {
      "test_id": "tests/unit/presentation/tabs/construct/test_refactored_components.py::TestComponentConnector::test_beat_selected_signal",
      "file_path": "tests/unit/presentation/tabs/construct/test_refactored_components.py",
      "test_name": "TestComponentConnector::test_beat_selected_signal",
      "status": "FAIL_LOGIC",
      "execution_time": 0.030263519287109374,
      "error_message": "Unknown test failure",
      "error_type": "UnknownError"
    },
    {
      "test_id": "tests/unit/presentation/tabs/construct/test_refactored_components.py::TestLayoutOrchestrator::test_initialization",
      "file_path": "tests/unit/presentation/tabs/construct/test_refactored_components.py",
      "test_name": "TestLayoutOrchestrator::test_initialization",
      "status": "FAIL_LOGIC",
      "execution_time": 0.030263519287109374,
      "error_message": "Unknown test failure",
      "error_type": "UnknownError"
    },
    {
      "test_id": "tests/unit/presentation/tabs/construct/test_refactored_components.py::TestLayoutOrchestrator::test_register_and_get_component",
      "file_path": "tests/unit/presentation/tabs/construct/test_refactored_components.py",
      "test_name": "TestLayoutOrchestrator::test_register_and_get_component",
      "status": "FAIL_LOGIC",
      "execution_time": 0.030263519287109374,
      "error_message": "Unknown test failure",
      "error_type": "UnknownError"
    },
    {
      "test_id": "tests/unit/presentation/tabs/construct/test_refactored_components.py::TestLayoutOrchestrator::test_get_tab_for_panel",
      "file_path": "tests/unit/presentation/tabs/construct/test_refactored_components.py",
      "test_name": "TestLayoutOrchestrator::test_get_tab_for_panel",
      "status": "FAIL_LOGIC",
      "execution_time": 0.030263519287109374,
      "error_message": "Unknown test failure",
      "error_type": "UnknownError"
    },
    {
      "test_id": "tests/unit/presentation/tabs/construct/test_refactored_components.py::TestLayoutOrchestrator::test_should_allow_transition",
      "file_path": "tests/unit/presentation/tabs/construct/test_refactored_components.py",
      "test_name": "TestLayoutOrchestrator::test_should_allow_transition",
      "status": "FAIL_LOGIC",
      "execution_time": 0.030263519287109374,
      "error_message": "Unknown test failure",
      "error_type": "UnknownError"
    },
    {
      "test_id": "tests/unit/presentation/tabs/construct/test_refactored_components.py::TestLayoutOrchestrator::test_validate_component_setup_success",
      "file_path": "tests/unit/presentation/tabs/construct/test_refactored_components.py",
      "test_name": "TestLayoutOrchestrator::test_validate_component_setup_success",
      "status": "FAIL_LOGIC",
      "execution_time": 0.030263519287109374,
      "error_message": "Unknown test failure",
      "error_type": "UnknownError"
    },
    {
      "test_id": "tests/unit/presentation/tabs/construct/test_refactored_components.py::TestLayoutOrchestrator::test_validate_component_setup_missing_component",
      "file_path": "tests/unit/presentation/tabs/construct/test_refactored_components.py",
      "test_name": "TestLayoutOrchestrator::test_validate_component_setup_missing_component",
      "status": "FAIL_LOGIC",
      "execution_time": 0.030263519287109374,
      "error_message": "Unknown test failure",
      "error_type": "UnknownError"
    },
    {
      "test_id": "tests/unit/presentation/tabs/construct/test_refactored_components.py::TestProgressReporter::test_initialization",
      "file_path": "tests/unit/presentation/tabs/construct/test_refactored_components.py",
      "test_name": "TestProgressReporter::test_initialization",
      "status": "FAIL_LOGIC",
      "execution_time": 0.030263519287109374,
      "error_message": "Unknown test failure",
      "error_type": "UnknownError"
    },
    {
      "test_id": "tests/unit/presentation/tabs/construct/test_refactored_components.py::TestProgressReporter::test_start_phase",
      "file_path": "tests/unit/presentation/tabs/construct/test_refactored_components.py",
      "test_name": "TestProgressReporter::test_start_phase",
      "status": "FAIL_LOGIC",
      "execution_time": 0.030263519287109374,
      "error_message": "Unknown test failure",
      "error_type": "UnknownError"
    },
    {
      "test_id": "tests/unit/presentation/tabs/construct/test_refactored_components.py::TestProgressReporter::test_complete_phase",
      "file_path": "tests/unit/presentation/tabs/construct/test_refactored_components.py",
      "test_name": "TestProgressReporter::test_complete_phase",
      "status": "FAIL_LOGIC",
      "execution_time": 0.030263519287109374,
      "error_message": "Unknown test failure",
      "error_type": "UnknownError"
    },
    {
      "test_id": "tests/unit/presentation/tabs/construct/test_refactored_components.py::TestProgressReporter::test_update_phase_progress",
      "file_path": "tests/unit/presentation/tabs/construct/test_refactored_components.py",
      "test_name": "TestProgressReporter::test_update_phase_progress",
      "status": "FAIL_LOGIC",
      "execution_time": 0.030263519287109374,
      "error_message": "Unknown test failure",
      "error_type": "UnknownError"
    },
    {
      "test_id": "tests/unit/presentation/tabs/construct/test_refactored_components.py::TestProgressReporter::test_report_component_progress_option_picker",
      "file_path": "tests/unit/presentation/tabs/construct/test_refactored_components.py",
      "test_name": "TestProgressReporter::test_report_component_progress_option_picker",
      "status": "FAIL_LOGIC",
      "execution_time": 0.030263519287109374,
      "error_message": "Unknown test failure",
      "error_type": "UnknownError"
    },
    {
      "test_id": "tests/unit/presentation/tabs/construct/test_refactored_components.py::TestProgressReporter::test_get_overall_progress",
      "file_path": "tests/unit/presentation/tabs/construct/test_refactored_components.py",
      "test_name": "TestProgressReporter::test_get_overall_progress",
      "status": "FAIL_LOGIC",
      "execution_time": 0.030263519287109374,
      "error_message": "Unknown test failure",
      "error_type": "UnknownError"
    },
    {
      "test_id": "tests/integration/interfaces/test_interface_integration.py::TestDependencyInjectionIntegration::test_workbench_state_manager_can_be_injected",
      "file_path": "tests/integration/interfaces/test_interface_integration.py",
      "test_name": "TestDependencyInjectionIntegration::test_workbench_state_manager_can_be_injected",
      "status": "FAIL_LOGIC",
      "execution_time": 0.029522125537578877,
      "error_message": "Unknown test failure",
      "error_type": "UnknownError"
    },
    {
      "test_id": "tests/integration/interfaces/test_interface_integration.py::TestDependencyInjectionIntegration::test_data_cache_manager_can_be_injected",
      "file_path": "tests/integration/interfaces/test_interface_integration.py",
      "test_name": "TestDependencyInjectionIntegration::test_data_cache_manager_can_be_injected",
      "status": "FAIL_LOGIC",
      "execution_time": 0.029522125537578877,
      "error_message": "Unknown test failure",
      "error_type": "UnknownError"
    },
    {
      "test_id": "tests/integration/interfaces/test_interface_integration.py::TestDependencyInjectionIntegration::test_thumbnail_generation_service_can_be_injected",
      "file_path": "tests/integration/interfaces/test_interface_integration.py",
      "test_name": "TestDependencyInjectionIntegration::test_thumbnail_generation_service_can_be_injected",
      "status": "FAIL_LOGIC",
      "execution_time": 0.029522125537578877,
      "error_message": "Unknown test failure",
      "error_type": "UnknownError"
    },
    {
      "test_id": "tests/integration/interfaces/test_interface_integration.py::TestDependencyInjectionIntegration::test_ui_state_manager_can_be_injected",
      "file_path": "tests/integration/interfaces/test_interface_integration.py",
      "test_name": "TestDependencyInjectionIntegration::test_ui_state_manager_can_be_injected",
      "status": "FAIL_LOGIC",
      "execution_time": 0.029522125537578877,
      "error_message": "Unknown test failure",
      "error_type": "UnknownError"
    },
    {
      "test_id": "tests/integration/interfaces/test_interface_integration.py::TestDependencyInjectionIntegration::test_interface_polymorphism",
      "file_path": "tests/integration/interfaces/test_interface_integration.py",
      "test_name": "TestDependencyInjectionIntegration::test_interface_polymorphism",
      "status": "FAIL_LOGIC",
      "execution_time": 0.029522125537578877,
      "error_message": "Unknown test failure",
      "error_type": "UnknownError"
    },
    {
      "test_id": "tests/integration/interfaces/test_interface_integration.py::TestDependencyInjectionIntegration::test_service_interaction_through_interfaces",
      "file_path": "tests/integration/interfaces/test_interface_integration.py",
      "test_name": "TestDependencyInjectionIntegration::test_service_interaction_through_interfaces",
      "status": "FAIL_LOGIC",
      "execution_time": 0.029522125537578877,
      "error_message": "Unknown test failure",
      "error_type": "UnknownError"
    },
    {
      "test_id": "tests/integration/interfaces/test_interface_integration.py::TestDependencyInjectionIntegration::test_interface_method_compatibility",
      "file_path": "tests/integration/interfaces/test_interface_integration.py",
      "test_name": "TestDependencyInjectionIntegration::test_interface_method_compatibility",
      "status": "FAIL_LOGIC",
      "execution_time": 0.029522125537578877,
      "error_message": "Unknown test failure",
      "error_type": "UnknownError"
    },
    {
      "test_id": "tests/integration/interfaces/test_interface_integration.py::TestCrossCuttingConcerns::test_error_handling_consistency",
      "file_path": "tests/integration/interfaces/test_interface_integration.py",
      "test_name": "TestCrossCuttingConcerns::test_error_handling_consistency",
      "status": "FAIL_LOGIC",
      "execution_time": 0.029522125537578877,
      "error_message": "Unknown test failure",
      "error_type": "UnknownError"
    },
    {
      "test_id": "tests/integration/interfaces/test_interface_integration.py::TestCrossCuttingConcerns::test_logging_and_debugging_support",
      "file_path": "tests/integration/interfaces/test_interface_integration.py",
      "test_name": "TestCrossCuttingConcerns::test_logging_and_debugging_support",
      "status": "FAIL_LOGIC",
      "execution_time": 0.029522125537578877,
      "error_message": "Unknown test failure",
      "error_type": "UnknownError"
    },
    {
      "test_id": "tests/integration/interfaces/test_interface_integration.py::TestCrossCuttingConcerns::test_thread_safety_considerations",
      "file_path": "tests/integration/interfaces/test_interface_integration.py",
      "test_name": "TestCrossCuttingConcerns::test_thread_safety_considerations",
      "status": "FAIL_LOGIC",
      "execution_time": 0.029522125537578877,
      "error_message": "Unknown test failure",
      "error_type": "UnknownError"
    },
    {
      "test_id": "tests/integration/interfaces/test_interface_integration.py::TestServiceLifecycleIntegration::test_service_initialization",
      "file_path": "tests/integration/interfaces/test_interface_integration.py",
      "test_name": "TestServiceLifecycleIntegration::test_service_initialization",
      "status": "FAIL_LOGIC",
      "execution_time": 0.029522125537578877,
      "error_message": "Unknown test failure",
      "error_type": "UnknownError"
    },
    {
      "test_id": "tests/integration/interfaces/test_interface_integration.py::TestServiceLifecycleIntegration::test_service_cleanup",
      "file_path": "tests/integration/interfaces/test_interface_integration.py",
      "test_name": "TestServiceLifecycleIntegration::test_service_cleanup",
      "status": "FAIL_LOGIC",
      "execution_time": 0.029522125537578877,
      "error_message": "Unknown test failure",
      "error_type": "UnknownError"
    },
    {
      "test_id": "tests/integration/interfaces/test_interface_integration.py::TestServiceLifecycleIntegration::test_service_state_persistence",
      "file_path": "tests/integration/interfaces/test_interface_integration.py",
      "test_name": "TestServiceLifecycleIntegration::test_service_state_persistence",
      "status": "FAIL_LOGIC",
      "execution_time": 0.029522125537578877,
      "error_message": "Unknown test failure",
      "error_type": "UnknownError"
    },
    {
      "test_id": "tests/integration/interfaces/test_interface_integration.py::TestInterfaceContractCompliance::test_workbench_state_manager_contract",
      "file_path": "tests/integration/interfaces/test_interface_integration.py",
      "test_name": "TestInterfaceContractCompliance::test_workbench_state_manager_contract",
      "status": "FAIL_LOGIC",
      "execution_time": 0.029522125537578877,
      "error_message": "Unknown test failure",
      "error_type": "UnknownError"
    },
    {
      "test_id": "tests/integration/interfaces/test_interface_integration.py::TestInterfaceContractCompliance::test_data_cache_manager_contract",
      "file_path": "tests/integration/interfaces/test_interface_integration.py",
      "test_name": "TestInterfaceContractCompliance::test_data_cache_manager_contract",
      "status": "FAIL_LOGIC",
      "execution_time": 0.029522125537578877,
      "error_message": "Unknown test failure",
      "error_type": "UnknownError"
    },
    {
      "test_id": "tests/integration/interfaces/test_interface_integration.py::TestInterfaceContractCompliance::test_thumbnail_generation_service_contract",
      "file_path": "tests/integration/interfaces/test_interface_integration.py",
      "test_name": "TestInterfaceContractCompliance::test_thumbnail_generation_service_contract",
      "status": "FAIL_LOGIC",
      "execution_time": 0.029522125537578877,
      "error_message": "Unknown test failure",
      "error_type": "UnknownError"
    },
    {
      "test_id": "tests/integration/interfaces/test_interface_integration.py::TestInterfaceContractCompliance::test_ui_state_manager_contract",
      "file_path": "tests/integration/interfaces/test_interface_integration.py",
      "test_name": "TestInterfaceContractCompliance::test_ui_state_manager_contract",
      "status": "FAIL_LOGIC",
      "execution_time": 0.029522125537578877,
      "error_message": "Unknown test failure",
      "error_type": "UnknownError"
    },
    {
      "test_id": "tests/integration/interfaces/test_interface_integration.py::TestBackwardCompatibility::test_direct_class_usage_still_works",
      "file_path": "tests/integration/interfaces/test_interface_integration.py",
      "test_name": "TestBackwardCompatibility::test_direct_class_usage_still_works",
      "status": "FAIL_LOGIC",
      "execution_time": 0.029522125537578877,
      "error_message": "Unknown test failure",
      "error_type": "UnknownError"
    },
    {
      "test_id": "tests/integration/interfaces/test_interface_integration.py::TestBackwardCompatibility::test_existing_method_signatures_preserved",
      "file_path": "tests/integration/interfaces/test_interface_integration.py",
      "test_name": "TestBackwardCompatibility::test_existing_method_signatures_preserved",
      "status": "FAIL_LOGIC",
      "execution_time": 0.029522125537578877,
      "error_message": "Unknown test failure",
      "error_type": "UnknownError"
    },
    {
      "test_id": "tests/integration/test_border_service_extraction.py::TestBorderServiceExtraction::test_border_service_import",
      "file_path": "tests/integration/test_border_service_extraction.py",
      "test_name": "TestBorderServiceExtraction::test_border_service_import",
      "status": "FAIL_LOGIC",
      "execution_time": 0.029522125537578877,
      "error_message": "Unknown test failure",
      "error_type": "UnknownError"
    },
    {
      "test_id": "tests/integration/test_border_service_extraction.py::TestBorderServiceExtraction::test_border_service_no_qt_dependencies",
      "file_path": "tests/integration/test_border_service_extraction.py",
      "test_name": "TestBorderServiceExtraction::test_border_service_no_qt_dependencies",
      "status": "FAIL_LOGIC",
      "execution_time": 0.029522125537578877,
      "error_message": "Unknown test failure",
      "error_type": "UnknownError"
    },
    {
      "test_id": "tests/integration/test_border_service_extraction.py::TestBorderServiceExtraction::test_border_calculations_preserved",
      "file_path": "tests/integration/test_border_service_extraction.py",
      "test_name": "TestBorderServiceExtraction::test_border_calculations_preserved",
      "status": "FAIL_LOGIC",
      "execution_time": 0.029522125537578877,
      "error_message": "Unknown test failure",
      "error_type": "UnknownError"
    },
    {
      "test_id": "tests/integration/test_border_service_extraction.py::TestBorderServiceExtraction::test_color_management_preserved",
      "file_path": "tests/integration/test_border_service_extraction.py",
      "test_name": "TestBorderServiceExtraction::test_color_management_preserved",
      "status": "FAIL_LOGIC",
      "execution_time": 0.029522125537578877,
      "error_message": "Unknown test failure",
      "error_type": "UnknownError"
    },
    {
      "test_id": "tests/integration/test_border_service_extraction.py::TestBorderServiceExtraction::test_border_manager_integration",
      "file_path": "tests/integration/test_border_service_extraction.py",
      "test_name": "TestBorderServiceExtraction::test_border_manager_integration",
      "status": "FAIL_LOGIC",
      "execution_time": 0.029522125537578877,
      "error_message": "Unknown test failure",
      "error_type": "UnknownError"
    },
    {
      "test_id": "tests/integration/test_border_service_extraction.py::TestBorderServiceExtraction::test_service_registration",
      "file_path": "tests/integration/test_border_service_extraction.py",
      "test_name": "TestBorderServiceExtraction::test_service_registration",
      "status": "FAIL_LOGIC",
      "execution_time": 0.029522125537578877,
      "error_message": "Unknown test failure",
      "error_type": "UnknownError"
    },
    {
      "test_id": "tests/integration/test_border_service_extraction.py::TestBorderServiceExtraction::test_pictograph_component_factory",
      "file_path": "tests/integration/test_border_service_extraction.py",
      "test_name": "TestBorderServiceExtraction::test_pictograph_component_factory",
      "status": "FAIL_LOGIC",
      "execution_time": 0.029522125537578877,
      "error_message": "Unknown test failure",
      "error_type": "UnknownError"
    },
    {
      "test_id": "tests/specification/core/test_di_container_contracts.py::TestDIContainerContracts::test_di_container_import",
      "file_path": "tests/specification/core/test_di_container_contracts.py",
      "test_name": "TestDIContainerContracts::test_di_container_import",
      "status": "FAIL_LOGIC",
      "execution_time": 0.011861509151673048,
      "error_message": "Unknown test failure",
      "error_type": "UnknownError"
    },
    {
      "test_id": "tests/specification/core/test_di_container_contracts.py::TestDIContainerContracts::test_container_creation_contract",
      "file_path": "tests/specification/core/test_di_container_contracts.py",
      "test_name": "TestDIContainerContracts::test_container_creation_contract",
      "status": "FAIL_LOGIC",
      "execution_time": 0.011861509151673048,
      "error_message": "Unknown test failure",
      "error_type": "UnknownError"
    },
    {
      "test_id": "tests/specification/core/test_di_container_contracts.py::TestDIContainerContracts::test_service_registration_contract",
      "file_path": "tests/specification/core/test_di_container_contracts.py",
      "test_name": "TestDIContainerContracts::test_service_registration_contract",
      "status": "FAIL_LOGIC",
      "execution_time": 0.011861509151673048,
      "error_message": "Unknown test failure",
      "error_type": "UnknownError"
    },
    {
      "test_id": "tests/specification/core/test_di_container_contracts.py::TestDIContainerContracts::test_service_resolution_contract",
      "file_path": "tests/specification/core/test_di_container_contracts.py",
      "test_name": "TestDIContainerContracts::test_service_resolution_contract",
      "status": "FAIL_LOGIC",
      "execution_time": 0.011861509151673048,
      "error_message": "Unknown test failure",
      "error_type": "UnknownError"
    },
    {
      "test_id": "tests/specification/core/test_di_container_contracts.py::TestDIContainerContracts::test_container_lifecycle_contract",
      "file_path": "tests/specification/core/test_di_container_contracts.py",
      "test_name": "TestDIContainerContracts::test_container_lifecycle_contract",
      "status": "FAIL_LOGIC",
      "execution_time": 0.011861509151673048,
      "error_message": "Unknown test failure",
      "error_type": "UnknownError"
    },
    {
      "test_id": "tests/specification/core/test_di_container_contracts.py::TestDIContainerContracts::test_workbench_services_integration_contract",
      "file_path": "tests/specification/core/test_di_container_contracts.py",
      "test_name": "TestDIContainerContracts::test_workbench_services_integration_contract",
      "status": "FAIL_LOGIC",
      "execution_time": 0.011861509151673048,
      "error_message": "Unknown test failure",
      "error_type": "UnknownError"
    },
    {
      "test_id": "tests/specification/core/test_di_container_contracts.py::TestDIContainerContracts::test_error_handling_contract",
      "file_path": "tests/specification/core/test_di_container_contracts.py",
      "test_name": "TestDIContainerContracts::test_error_handling_contract",
      "status": "FAIL_LOGIC",
      "execution_time": 0.011861509151673048,
      "error_message": "Unknown test failure",
      "error_type": "UnknownError"
    },
    {
      "test_id": "tests/specification/core/test_enhanced_di_container.py::TestEnhancedContainerBasics::test_singleton_registration_and_resolution",
      "file_path": "tests/specification/core/test_enhanced_di_container.py",
      "test_name": "TestEnhancedContainerBasics::test_singleton_registration_and_resolution",
      "status": "FAIL_LOGIC",
      "execution_time": 0.011861509151673048,
      "error_message": "Unknown test failure",
      "error_type": "UnknownError"
    },
    {
      "test_id": "tests/specification/core/test_enhanced_di_container.py::TestEnhancedContainerBasics::test_transient_registration_and_resolution",
      "file_path": "tests/specification/core/test_enhanced_di_container.py",
      "test_name": "TestEnhancedContainerBasics::test_transient_registration_and_resolution",
      "status": "FAIL_LOGIC",
      "execution_time": 0.011861509151673048,
      "error_message": "Unknown test failure",
      "error_type": "UnknownError"
    },
    {
      "test_id": "tests/specification/core/test_enhanced_di_container.py::TestEnhancedContainerBasics::test_instance_registration",
      "file_path": "tests/specification/core/test_enhanced_di_container.py",
      "test_name": "TestEnhancedContainerBasics::test_instance_registration",
      "status": "FAIL_LOGIC",
      "execution_time": 0.011861509151673048,
      "error_message": "Unknown test failure",
      "error_type": "UnknownError"
    },
    {
      "test_id": "tests/specification/core/test_enhanced_di_container.py::TestEnhancedContainerBasics::test_unregistered_service_raises_error",
      "file_path": "tests/specification/core/test_enhanced_di_container.py",
      "test_name": "TestEnhancedContainerBasics::test_unregistered_service_raises_error",
      "status": "FAIL_LOGIC",
      "execution_time": 0.011861509151673048,
      "error_message": "Unknown test failure",
      "error_type": "UnknownError"
    },
    {
      "test_id": "tests/specification/core/test_enhanced_di_container.py::TestConstructorInjection::test_constructor_injection_with_dependencies",
      "file_path": "tests/specification/core/test_enhanced_di_container.py",
      "test_name": "TestConstructorInjection::test_constructor_injection_with_dependencies",
      "status": "FAIL_LOGIC",
      "execution_time": 0.011861509151673048,
      "error_message": "Unknown test failure",
      "error_type": "UnknownError"
    },
    {
      "test_id": "tests/specification/core/test_enhanced_di_container.py::TestConstructorInjection::test_constructor_injection_without_dependencies",
      "file_path": "tests/specification/core/test_enhanced_di_container.py",
      "test_name": "TestConstructorInjection::test_constructor_injection_without_dependencies",
      "status": "FAIL_LOGIC",
      "execution_time": 0.011861509151673048,
      "error_message": "Unknown test failure",
      "error_type": "UnknownError"
    },
    {
      "test_id": "tests/specification/core/test_enhanced_di_container.py::TestConstructorInjection::test_optional_dependencies_with_defaults",
      "file_path": "tests/specification/core/test_enhanced_di_container.py",
      "test_name": "TestConstructorInjection::test_optional_dependencies_with_defaults",
      "status": "FAIL_LOGIC",
      "execution_time": 0.011861509151673048,
      "error_message": "Unknown test failure",
      "error_type": "UnknownError"
    },
    {
      "test_id": "tests/specification/core/test_enhanced_di_container.py::TestConstructorInjection::test_circular_dependency_detection",
      "file_path": "tests/specification/core/test_enhanced_di_container.py",
      "test_name": "TestConstructorInjection::test_circular_dependency_detection",
      "status": "FAIL_LOGIC",
      "execution_time": 0.011861509151673048,
      "error_message": "Unknown test failure",
      "error_type": "UnknownError"
    },
    {
      "test_id": "tests/specification/core/test_enhanced_di_container.py::TestProtocolValidation::test_auto_register_validates_protocol_compliance",
      "file_path": "tests/specification/core/test_enhanced_di_container.py",
      "test_name": "TestProtocolValidation::test_auto_register_validates_protocol_compliance",
      "status": "FAIL_LOGIC",
      "execution_time": 0.011861509151673048,
      "error_message": "Unknown test failure",
      "error_type": "UnknownError"
    },
    {
      "test_id": "tests/specification/core/test_enhanced_di_container.py::TestProtocolValidation::test_auto_register_rejects_invalid_implementation",
      "file_path": "tests/specification/core/test_enhanced_di_container.py",
      "test_name": "TestProtocolValidation::test_auto_register_rejects_invalid_implementation",
      "status": "FAIL_LOGIC",
      "execution_time": 0.011861509151673048,
      "error_message": "Unknown test failure",
      "error_type": "UnknownError"
    },
    {
      "test_id": "tests/specification/core/test_enhanced_di_container.py::TestProtocolValidation::test_validation_with_concrete_classes",
      "file_path": "tests/specification/core/test_enhanced_di_container.py",
      "test_name": "TestProtocolValidation::test_validation_with_concrete_classes",
      "status": "FAIL_LOGIC",
      "execution_time": 0.011861509151673048,
      "error_message": "Unknown test failure",
      "error_type": "UnknownError"
    },
    {
      "test_id": "tests/specification/core/test_enhanced_di_container.py::TestContainerUtilities::test_get_registrations",
      "file_path": "tests/specification/core/test_enhanced_di_container.py",
      "test_name": "TestContainerUtilities::test_get_registrations",
      "status": "FAIL_LOGIC",
      "execution_time": 0.011861509151673048,
      "error_message": "Unknown test failure",
      "error_type": "UnknownError"
    },
    {
      "test_id": "tests/specification/core/test_enhanced_di_container.py::TestContainerUtilities::test_global_container_functions",
      "file_path": "tests/specification/core/test_enhanced_di_container.py",
      "test_name": "TestContainerUtilities::test_global_container_functions",
      "status": "FAIL_LOGIC",
      "execution_time": 0.011861509151673048,
      "error_message": "Unknown test failure",
      "error_type": "UnknownError"
    },
    {
      "test_id": "tests/specification/core/test_enhanced_di_container.py::TestErrorHandling::test_registration_validation_errors",
      "file_path": "tests/specification/core/test_enhanced_di_container.py",
      "test_name": "TestErrorHandling::test_registration_validation_errors",
      "status": "FAIL_LOGIC",
      "execution_time": 0.011861509151673048,
      "error_message": "Unknown test failure",
      "error_type": "UnknownError"
    },
    {
      "test_id": "tests/specification/core/test_enhanced_di_container.py::TestErrorHandling::test_resolution_with_invalid_dependencies",
      "file_path": "tests/specification/core/test_enhanced_di_container.py",
      "test_name": "TestErrorHandling::test_resolution_with_invalid_dependencies",
      "status": "FAIL_LOGIC",
      "execution_time": 0.011861509151673048,
      "error_message": "Unknown test failure",
      "error_type": "UnknownError"
    },
    {
      "test_id": "tests/specification/core/test_enhanced_di_container.py::TestErrorHandling::test_creation_failure_handling",
      "file_path": "tests/specification/core/test_enhanced_di_container.py",
      "test_name": "TestErrorHandling::test_creation_failure_handling",
      "status": "FAIL_LOGIC",
      "execution_time": 0.011861509151673048,
      "error_message": "Unknown test failure",
      "error_type": "UnknownError"
    },
    {
      "test_id": "tests/specification/core/test_enhanced_di_container.py::TestBackwardCompatibility::test_simple_container_alias",
      "file_path": "tests/specification/core/test_enhanced_di_container.py",
      "test_name": "TestBackwardCompatibility::test_simple_container_alias",
      "status": "FAIL_LOGIC",
      "execution_time": 0.011861509151673048,
      "error_message": "Unknown test failure",
      "error_type": "UnknownError"
    },
    {
      "test_id": "tests/specification/core/test_enhanced_di_container.py::TestBackwardCompatibility::test_existing_registration_patterns_work",
      "file_path": "tests/specification/core/test_enhanced_di_container.py",
      "test_name": "TestBackwardCompatibility::test_existing_registration_patterns_work",
      "status": "FAIL_LOGIC",
      "execution_time": 0.011861509151673048,
      "error_message": "Unknown test failure",
      "error_type": "UnknownError"
    },
    {
      "test_id": "tests/specification/core/test_error_aggregation_contracts.py::TestErrorAggregationContracts::test_error_collection_contract",
      "file_path": "tests/specification/core/test_error_aggregation_contracts.py",
      "test_name": "TestErrorAggregationContracts::test_error_collection_contract",
      "status": "FAIL_LOGIC",
      "execution_time": 0.011861509151673048,
      "error_message": "Unknown test failure",
      "error_type": "UnknownError"
    },
    {
      "test_id": "tests/specification/core/test_error_aggregation_contracts.py::TestErrorAggregationContracts::test_error_context_preservation_contract",
      "file_path": "tests/specification/core/test_error_aggregation_contracts.py",
      "test_name": "TestErrorAggregationContracts::test_error_context_preservation_contract",
      "status": "FAIL_LOGIC",
      "execution_time": 0.011861509151673048,
      "error_message": "Unknown test failure",
      "error_type": "UnknownError"
    },
    {
      "test_id": "tests/specification/core/test_error_aggregation_contracts.py::TestErrorAggregationContracts::test_service_error_aggregation_contract",
      "file_path": "tests/specification/core/test_error_aggregation_contracts.py",
      "test_name": "TestErrorAggregationContracts::test_service_error_aggregation_contract",
      "status": "FAIL_LOGIC",
      "execution_time": 0.011861509151673048,
      "error_message": "Unknown test failure",
      "error_type": "UnknownError"
    },
    {
      "test_id": "tests/specification/core/test_error_aggregation_contracts.py::TestErrorAggregationContracts::test_import_error_aggregation_contract",
      "file_path": "tests/specification/core/test_error_aggregation_contracts.py",
      "test_name": "TestErrorAggregationContracts::test_import_error_aggregation_contract",
      "status": "FAIL_LOGIC",
      "execution_time": 0.011861509151673048,
      "error_message": "Unknown test failure",
      "error_type": "UnknownError"
    },
    {
      "test_id": "tests/specification/core/test_error_aggregation_contracts.py::TestErrorAggregationContracts::test_validation_error_aggregation_contract",
      "file_path": "tests/specification/core/test_error_aggregation_contracts.py",
      "test_name": "TestErrorAggregationContracts::test_validation_error_aggregation_contract",
      "status": "FAIL_LOGIC",
      "execution_time": 0.011861509151673048,
      "error_message": "Unknown test failure",
      "error_type": "UnknownError"
    },
    {
      "test_id": "tests/specification/core/test_error_aggregation_contracts.py::TestErrorAggregationContracts::test_error_reporting_contract",
      "file_path": "tests/specification/core/test_error_aggregation_contracts.py",
      "test_name": "TestErrorAggregationContracts::test_error_reporting_contract",
      "status": "FAIL_LOGIC",
      "execution_time": 0.011861509151673048,
      "error_message": "Unknown test failure",
      "error_type": "UnknownError"
    },
    {
      "test_id": "tests/specification/core/test_event_bus.py::TestEventBusBasics::test_event_bus_creation",
      "file_path": "tests/specification/core/test_event_bus.py",
      "test_name": "TestEventBusBasics::test_event_bus_creation",
      "status": "FAIL_LOGIC",
      "execution_time": 0.011861509151673048,
      "error_message": "Unknown test failure",
      "error_type": "UnknownError"
    },
    {
      "test_id": "tests/specification/core/test_event_bus.py::TestEventBusBasics::test_subscribe_and_unsubscribe",
      "file_path": "tests/specification/core/test_event_bus.py",
      "test_name": "TestEventBusBasics::test_subscribe_and_unsubscribe",
      "status": "FAIL_LOGIC",
      "execution_time": 0.011861509151673048,
      "error_message": "Unknown test failure",
      "error_type": "UnknownError"
    },
    {
      "test_id": "tests/specification/core/test_event_bus.py::TestEventBusBasics::test_unsubscribe_nonexistent",
      "file_path": "tests/specification/core/test_event_bus.py",
      "test_name": "TestEventBusBasics::test_unsubscribe_nonexistent",
      "status": "FAIL_LOGIC",
      "execution_time": 0.011861509151673048,
      "error_message": "Unknown test failure",
      "error_type": "UnknownError"
    },
    {
      "test_id": "tests/specification/core/test_event_bus.py::TestEventPublishing::test_publish_to_single_subscriber",
      "file_path": "tests/specification/core/test_event_bus.py",
      "test_name": "TestEventPublishing::test_publish_to_single_subscriber",
      "status": "FAIL_LOGIC",
      "execution_time": 0.011861509151673048,
      "error_message": "Unknown test failure",
      "error_type": "UnknownError"
    },
    {
      "test_id": "tests/specification/core/test_event_bus.py::TestEventPublishing::test_publish_to_multiple_subscribers",
      "file_path": "tests/specification/core/test_event_bus.py",
      "test_name": "TestEventPublishing::test_publish_to_multiple_subscribers",
      "status": "FAIL_LOGIC",
      "execution_time": 0.011861509151673048,
      "error_message": "Unknown test failure",
      "error_type": "UnknownError"
    },
    {
      "test_id": "tests/specification/core/test_event_bus.py::TestEventPublishing::test_publish_no_subscribers",
      "file_path": "tests/specification/core/test_event_bus.py",
      "test_name": "TestEventPublishing::test_publish_no_subscribers",
      "status": "FAIL_LOGIC",
      "execution_time": 0.011861509151673048,
      "error_message": "Unknown test failure",
      "error_type": "UnknownError"
    },
    {
      "test_id": "tests/specification/core/test_event_bus.py::TestEventPublishing::test_publish_wrong_event_type",
      "file_path": "tests/specification/core/test_event_bus.py",
      "test_name": "TestEventPublishing::test_publish_wrong_event_type",
      "status": "FAIL_LOGIC",
      "execution_time": 0.011861509151673048,
      "error_message": "Unknown test failure",
      "error_type": "UnknownError"
    },
    {
      "test_id": "tests/specification/core/test_event_bus.py::TestEventPriority::test_priority_ordering",
      "file_path": "tests/specification/core/test_event_bus.py",
      "test_name": "TestEventPriority::test_priority_ordering",
      "status": "FAIL_LOGIC",
      "execution_time": 0.011861509151673048,
      "error_message": "Unknown test failure",
      "error_type": "UnknownError"
    },
    {
      "test_id": "tests/specification/core/test_event_bus.py::TestAsyncEventHandling::test_async_publish",
      "file_path": "tests/specification/core/test_event_bus.py",
      "test_name": "TestAsyncEventHandling::test_async_publish",
      "status": "FAIL_LOGIC",
      "execution_time": 0.011861509151673048,
      "error_message": "Unknown test failure",
      "error_type": "UnknownError"
    },
    {
      "test_id": "tests/specification/core/test_event_bus.py::TestAsyncEventHandling::test_async_handler",
      "file_path": "tests/specification/core/test_event_bus.py",
      "test_name": "TestAsyncEventHandling::test_async_handler",
      "status": "FAIL_LOGIC",
      "execution_time": 0.011861509151673048,
      "error_message": "Unknown test failure",
      "error_type": "UnknownError"
    },
    {
      "test_id": "tests/specification/core/test_event_bus.py::TestAsyncEventHandling::test_mixed_sync_async_handlers",
      "file_path": "tests/specification/core/test_event_bus.py",
      "test_name": "TestAsyncEventHandling::test_mixed_sync_async_handlers",
      "status": "FAIL_LOGIC",
      "execution_time": 0.011861509151673048,
      "error_message": "Unknown test failure",
      "error_type": "UnknownError"
    },
    {
      "test_id": "tests/specification/core/test_event_bus.py::TestEventFiltering::test_event_filter",
      "file_path": "tests/specification/core/test_event_bus.py",
      "test_name": "TestEventFiltering::test_event_filter",
      "status": "FAIL_LOGIC",
      "execution_time": 0.011861509151673048,
      "error_message": "Unknown test failure",
      "error_type": "UnknownError"
    },
    {
      "test_id": "tests/specification/core/test_event_bus.py::TestEventTypes::test_sequence_event",
      "file_path": "tests/specification/core/test_event_bus.py",
      "test_name": "TestEventTypes::test_sequence_event",
      "status": "FAIL_LOGIC",
      "execution_time": 0.011861509151673048,
      "error_message": "Unknown test failure",
      "error_type": "UnknownError"
    },
    {
      "test_id": "tests/specification/core/test_event_bus.py::TestEventTypes::test_arrow_event",
      "file_path": "tests/specification/core/test_event_bus.py",
      "test_name": "TestEventTypes::test_arrow_event",
      "status": "FAIL_LOGIC",
      "execution_time": 0.011861509151673048,
      "error_message": "Unknown test failure",
      "error_type": "UnknownError"
    },
    {
      "test_id": "tests/specification/core/test_event_bus.py::TestEventTypes::test_motion_event",
      "file_path": "tests/specification/core/test_event_bus.py",
      "test_name": "TestEventTypes::test_motion_event",
      "status": "FAIL_LOGIC",
      "execution_time": 0.011861509151673048,
      "error_message": "Unknown test failure",
      "error_type": "UnknownError"
    },
    {
      "test_id": "tests/specification/core/test_event_bus.py::TestEventTypes::test_ui_event",
      "file_path": "tests/specification/core/test_event_bus.py",
      "test_name": "TestEventTypes::test_ui_event",
      "status": "FAIL_LOGIC",
      "execution_time": 0.011861509151673048,
      "error_message": "Unknown test failure",
      "error_type": "UnknownError"
    },
    {
      "test_id": "tests/specification/core/test_event_bus.py::TestEventBusUtilities::test_event_stats",
      "file_path": "tests/specification/core/test_event_bus.py",
      "test_name": "TestEventBusUtilities::test_event_stats",
      "status": "FAIL_LOGIC",
      "execution_time": 0.011861509151673048,
      "error_message": "Unknown test failure",
      "error_type": "UnknownError"
    },
    {
      "test_id": "tests/specification/core/test_event_bus.py::TestEventBusUtilities::test_subscription_count",
      "file_path": "tests/specification/core/test_event_bus.py",
      "test_name": "TestEventBusUtilities::test_subscription_count",
      "status": "FAIL_LOGIC",
      "execution_time": 0.011861509151673048,
      "error_message": "Unknown test failure",
      "error_type": "UnknownError"
    },
    {
      "test_id": "tests/specification/core/test_event_bus.py::TestEventBusUtilities::test_clear_dead_references",
      "file_path": "tests/specification/core/test_event_bus.py",
      "test_name": "TestEventBusUtilities::test_clear_dead_references",
      "status": "FAIL_LOGIC",
      "execution_time": 0.011861509151673048,
      "error_message": "Unknown test failure",
      "error_type": "UnknownError"
    },
    {
      "test_id": "tests/specification/core/test_event_bus.py::TestGlobalEventBus::test_get_global_event_bus",
      "file_path": "tests/specification/core/test_event_bus.py",
      "test_name": "TestGlobalEventBus::test_get_global_event_bus",
      "status": "FAIL_LOGIC",
      "execution_time": 0.011861509151673048,
      "error_message": "Unknown test failure",
      "error_type": "UnknownError"
    },
    {
      "test_id": "tests/specification/core/test_event_bus.py::TestGlobalEventBus::test_reset_global_event_bus",
      "file_path": "tests/specification/core/test_event_bus.py",
      "test_name": "TestGlobalEventBus::test_reset_global_event_bus",
      "status": "FAIL_LOGIC",
      "execution_time": 0.011861509151673048,
      "error_message": "Unknown test failure",
      "error_type": "UnknownError"
    },
    {
      "test_id": "tests/specification/core/test_event_bus_contracts.py::TestEventBusContracts::test_event_bus_import",
      "file_path": "tests/specification/core/test_event_bus_contracts.py",
      "test_name": "TestEventBusContracts::test_event_bus_import",
      "status": "FAIL_LOGIC",
      "execution_time": 0.011861509151673048,
      "error_message": "Unknown test failure",
      "error_type": "UnknownError"
    },
    {
      "test_id": "tests/specification/core/test_event_bus_contracts.py::TestEventBusContracts::test_event_bus_creation_contract",
      "file_path": "tests/specification/core/test_event_bus_contracts.py",
      "test_name": "TestEventBusContracts::test_event_bus_creation_contract",
      "status": "FAIL_LOGIC",
      "execution_time": 0.011861509151673048,
      "error_message": "Unknown test failure",
      "error_type": "UnknownError"
    },
    {
      "test_id": "tests/specification/core/test_event_bus_contracts.py::TestEventBusContracts::test_event_subscription_contract",
      "file_path": "tests/specification/core/test_event_bus_contracts.py",
      "test_name": "TestEventBusContracts::test_event_subscription_contract",
      "status": "FAIL_LOGIC",
      "execution_time": 0.011861509151673048,
      "error_message": "Unknown test failure",
      "error_type": "UnknownError"
    },
    {
      "test_id": "tests/specification/core/test_event_bus_contracts.py::TestEventBusContracts::test_event_publishing_contract",
      "file_path": "tests/specification/core/test_event_bus_contracts.py",
      "test_name": "TestEventBusContracts::test_event_publishing_contract",
      "status": "FAIL_LOGIC",
      "execution_time": 0.011861509151673048,
      "error_message": "Unknown test failure",
      "error_type": "UnknownError"
    },
    {
      "test_id": "tests/specification/core/test_event_bus_contracts.py::TestEventBusContracts::test_event_bus_reset_contract",
      "file_path": "tests/specification/core/test_event_bus_contracts.py",
      "test_name": "TestEventBusContracts::test_event_bus_reset_contract",
      "status": "FAIL_LOGIC",
      "execution_time": 0.011861509151673048,
      "error_message": "Unknown test failure",
      "error_type": "UnknownError"
    },
    {
      "test_id": "tests/specification/core/test_event_bus_contracts.py::TestEventBusContracts::test_event_isolation_contract",
      "file_path": "tests/specification/core/test_event_bus_contracts.py",
      "test_name": "TestEventBusContracts::test_event_isolation_contract",
      "status": "FAIL_LOGIC",
      "execution_time": 0.011861509151673048,
      "error_message": "Unknown test failure",
      "error_type": "UnknownError"
    },
    {
      "test_id": "tests/specification/core/test_event_bus_contracts.py::TestEventBusContracts::test_event_data_contract",
      "file_path": "tests/specification/core/test_event_bus_contracts.py",
      "test_name": "TestEventBusContracts::test_event_data_contract",
      "status": "FAIL_LOGIC",
      "execution_time": 0.011861509151673048,
      "error_message": "Unknown test failure",
      "error_type": "UnknownError"
    },
    {
      "test_id": "tests/specification/core/test_event_bus_contracts.py::TestEventBusContracts::test_event_bus_performance_contract",
      "file_path": "tests/specification/core/test_event_bus_contracts.py",
      "test_name": "TestEventBusContracts::test_event_bus_performance_contract",
      "status": "FAIL_LOGIC",
      "execution_time": 0.011861509151673048,
      "error_message": "Unknown test failure",
      "error_type": "UnknownError"
    },
    {
      "test_id": "tests/specification/core/test_service_lifecycle_contracts.py::TestServiceLifecycleContracts::test_service_creation_contract",
      "file_path": "tests/specification/core/test_service_lifecycle_contracts.py",
      "test_name": "TestServiceLifecycleContracts::test_service_creation_contract",
      "status": "FAIL_LOGIC",
      "execution_time": 0.011861509151673048,
      "error_message": "Unknown test failure",
      "error_type": "UnknownError"
    },
    {
      "test_id": "tests/specification/core/test_service_lifecycle_contracts.py::TestServiceLifecycleContracts::test_service_initialization_contract",
      "file_path": "tests/specification/core/test_service_lifecycle_contracts.py",
      "test_name": "TestServiceLifecycleContracts::test_service_initialization_contract",
      "status": "FAIL_LOGIC",
      "execution_time": 0.011861509151673048,
      "error_message": "Unknown test failure",
      "error_type": "UnknownError"
    },
    {
      "test_id": "tests/specification/core/test_service_lifecycle_contracts.py::TestServiceLifecycleContracts::test_service_singleton_contract",
      "file_path": "tests/specification/core/test_service_lifecycle_contracts.py",
      "test_name": "TestServiceLifecycleContracts::test_service_singleton_contract",
      "status": "FAIL_LOGIC",
      "execution_time": 0.011861509151673048,
      "error_message": "Unknown test failure",
      "error_type": "UnknownError"
    },
    {
      "test_id": "tests/specification/core/test_service_lifecycle_contracts.py::TestServiceLifecycleContracts::test_service_dependency_injection_contract",
      "file_path": "tests/specification/core/test_service_lifecycle_contracts.py",
      "test_name": "TestServiceLifecycleContracts::test_service_dependency_injection_contract",
      "status": "FAIL_LOGIC",
      "execution_time": 0.011861509151673048,
      "error_message": "Unknown test failure",
      "error_type": "UnknownError"
    },
    {
      "test_id": "tests/specification/core/test_service_lifecycle_contracts.py::TestServiceLifecycleContracts::test_service_state_management_contract",
      "file_path": "tests/specification/core/test_service_lifecycle_contracts.py",
      "test_name": "TestServiceLifecycleContracts::test_service_state_management_contract",
      "status": "FAIL_LOGIC",
      "execution_time": 0.011861509151673048,
      "error_message": "Unknown test failure",
      "error_type": "UnknownError"
    },
    {
      "test_id": "tests/specification/core/test_service_lifecycle_contracts.py::TestServiceLifecycleContracts::test_service_cleanup_contract",
      "file_path": "tests/specification/core/test_service_lifecycle_contracts.py",
      "test_name": "TestServiceLifecycleContracts::test_service_cleanup_contract",
      "status": "FAIL_LOGIC",
      "execution_time": 0.011861509151673048,
      "error_message": "Unknown test failure",
      "error_type": "UnknownError"
    },
    {
      "test_id": "tests/specification/core/test_type_safe_serializer.py::TestTypeValidation::test_serialize_adds_type_metadata",
      "file_path": "tests/specification/core/test_type_safe_serializer.py",
      "test_name": "TestTypeValidation::test_serialize_adds_type_metadata",
      "status": "FAIL_LOGIC",
      "execution_time": 0.011861509151673048,
      "error_message": "Unknown test failure",
      "error_type": "UnknownError"
    },
    {
      "test_id": "tests/specification/core/test_type_safe_serializer.py::TestTypeValidation::test_serialize_preserves_original_data",
      "file_path": "tests/specification/core/test_type_safe_serializer.py",
      "test_name": "TestTypeValidation::test_serialize_preserves_original_data",
      "status": "FAIL_LOGIC",
      "execution_time": 0.011861509151673048,
      "error_message": "Unknown test failure",
      "error_type": "UnknownError"
    },
    {
      "test_id": "tests/specification/core/test_type_safe_serializer.py::TestTypeValidation::test_serialize_rejects_non_dataclass",
      "file_path": "tests/specification/core/test_type_safe_serializer.py",
      "test_name": "TestTypeValidation::test_serialize_rejects_non_dataclass",
      "status": "FAIL_LOGIC",
      "execution_time": 0.011861509151673048,
      "error_message": "Unknown test failure",
      "error_type": "UnknownError"
    },
    {
      "test_id": "tests/specification/core/test_type_safe_serializer.py::TestTypeValidation::test_serialize_requires_to_dict_method",
      "file_path": "tests/specification/core/test_type_safe_serializer.py",
      "test_name": "TestTypeValidation::test_serialize_requires_to_dict_method",
      "status": "FAIL_LOGIC",
      "execution_time": 0.011861509151673048,
      "error_message": "Unknown test failure",
      "error_type": "UnknownError"
    },
    {
      "test_id": "tests/specification/core/test_type_safe_serializer.py::TestDeserialization::test_deserialize_validates_type_metadata",
      "file_path": "tests/specification/core/test_type_safe_serializer.py",
      "test_name": "TestDeserialization::test_deserialize_validates_type_metadata",
      "status": "FAIL_LOGIC",
      "execution_time": 0.011861509151673048,
      "error_message": "Unknown test failure",
      "error_type": "UnknownError"
    },
    {
      "test_id": "tests/specification/core/test_type_safe_serializer.py::TestDeserialization::test_deserialize_validates_type_match",
      "file_path": "tests/specification/core/test_type_safe_serializer.py",
      "test_name": "TestDeserialization::test_deserialize_validates_type_match",
      "status": "FAIL_LOGIC",
      "execution_time": 0.011861509151673048,
      "error_message": "Unknown test failure",
      "error_type": "UnknownError"
    },
    {
      "test_id": "tests/specification/core/test_type_safe_serializer.py::TestDeserialization::test_deserialize_requires_from_dict_method",
      "file_path": "tests/specification/core/test_type_safe_serializer.py",
      "test_name": "TestDeserialization::test_deserialize_requires_from_dict_method",
      "status": "FAIL_LOGIC",
      "execution_time": 0.011861509151673048,
      "error_message": "Unknown test failure",
      "error_type": "UnknownError"
    },
    {
      "test_id": "tests/specification/core/test_type_safe_serializer.py::TestDeserialization::test_deserialize_handles_version_warnings",
      "file_path": "tests/specification/core/test_type_safe_serializer.py",
      "test_name": "TestDeserialization::test_deserialize_handles_version_warnings",
      "status": "FAIL_LOGIC",
      "execution_time": 0.011861509151673048,
      "error_message": "Unknown test failure",
      "error_type": "UnknownError"
    },
    {
      "test_id": "tests/specification/core/test_type_safe_serializer.py::TestRoundTripSerialization::test_simple_model_round_trip",
      "file_path": "tests/specification/core/test_type_safe_serializer.py",
      "test_name": "TestRoundTripSerialization::test_simple_model_round_trip",
      "status": "FAIL_LOGIC",
      "execution_time": 0.011861509151673048,
      "error_message": "Unknown test failure",
      "error_type": "UnknownError"
    },
    {
      "test_id": "tests/specification/core/test_type_safe_serializer.py::TestRoundTripSerialization::test_motion_data_round_trip",
      "file_path": "tests/specification/core/test_type_safe_serializer.py",
      "test_name": "TestRoundTripSerialization::test_motion_data_round_trip",
      "status": "FAIL_LOGIC",
      "execution_time": 0.011861509151673048,
      "error_message": "Unknown test failure",
      "error_type": "UnknownError"
    },
    {
      "test_id": "tests/specification/core/test_type_safe_serializer.py::TestRoundTripSerialization::test_beat_data_round_trip",
      "file_path": "tests/specification/core/test_type_safe_serializer.py",
      "test_name": "TestRoundTripSerialization::test_beat_data_round_trip",
      "status": "FAIL_LOGIC",
      "execution_time": 0.011861509151673048,
      "error_message": "Unknown test failure",
      "error_type": "UnknownError"
    },
    {
      "test_id": "tests/specification/core/test_type_safe_serializer.py::TestRoundTripSerialization::test_sequence_data_round_trip",
      "file_path": "tests/specification/core/test_type_safe_serializer.py",
      "test_name": "TestRoundTripSerialization::test_sequence_data_round_trip",
      "status": "FAIL_LOGIC",
      "execution_time": 0.011861509151673048,
      "error_message": "Unknown test failure",
      "error_type": "UnknownError"
    },
    {
      "test_id": "tests/specification/core/test_type_safe_serializer.py::TestJSONSerialization::test_serialize_to_json_string",
      "file_path": "tests/specification/core/test_type_safe_serializer.py",
      "test_name": "TestJSONSerialization::test_serialize_to_json_string",
      "status": "FAIL_LOGIC",
      "execution_time": 0.011861509151673048,
      "error_message": "Unknown test failure",
      "error_type": "UnknownError"
    },
    {
      "test_id": "tests/specification/core/test_type_safe_serializer.py::TestJSONSerialization::test_deserialize_from_json_string",
      "file_path": "tests/specification/core/test_type_safe_serializer.py",
      "test_name": "TestJSONSerialization::test_deserialize_from_json_string",
      "status": "FAIL_LOGIC",
      "execution_time": 0.011861509151673048,
      "error_message": "Unknown test failure",
      "error_type": "UnknownError"
    },
    {
      "test_id": "tests/specification/core/test_type_safe_serializer.py::TestJSONSerialization::test_deserialize_from_invalid_json",
      "file_path": "tests/specification/core/test_type_safe_serializer.py",
      "test_name": "TestJSONSerialization::test_deserialize_from_invalid_json",
      "status": "FAIL_LOGIC",
      "execution_time": 0.011861509151673048,
      "error_message": "Unknown test failure",
      "error_type": "UnknownError"
    },
    {
      "test_id": "tests/specification/core/test_type_safe_serializer.py::TestSchemaValidation::test_validate_schema_success",
      "file_path": "tests/specification/core/test_type_safe_serializer.py",
      "test_name": "TestSchemaValidation::test_validate_schema_success",
      "status": "FAIL_LOGIC",
      "execution_time": 0.011861509151673048,
      "error_message": "Unknown test failure",
      "error_type": "UnknownError"
    },
    {
      "test_id": "tests/specification/core/test_type_safe_serializer.py::TestSchemaValidation::test_validate_schema_requires_dataclass",
      "file_path": "tests/specification/core/test_type_safe_serializer.py",
      "test_name": "TestSchemaValidation::test_validate_schema_requires_dataclass",
      "status": "FAIL_LOGIC",
      "execution_time": 0.011861509151673048,
      "error_message": "Unknown test failure",
      "error_type": "UnknownError"
    },
    {
      "test_id": "tests/specification/core/test_type_safe_serializer.py::TestSchemaValidation::test_validate_schema_requires_to_dict",
      "file_path": "tests/specification/core/test_type_safe_serializer.py",
      "test_name": "TestSchemaValidation::test_validate_schema_requires_to_dict",
      "status": "FAIL_LOGIC",
      "execution_time": 0.011861509151673048,
      "error_message": "Unknown test failure",
      "error_type": "UnknownError"
    },
    {
      "test_id": "tests/specification/core/test_type_safe_serializer.py::TestSchemaValidation::test_validate_schema_requires_from_dict",
      "file_path": "tests/specification/core/test_type_safe_serializer.py",
      "test_name": "TestSchemaValidation::test_validate_schema_requires_from_dict",
      "status": "FAIL_LOGIC",
      "execution_time": 0.011861509151673048,
      "error_message": "Unknown test failure",
      "error_type": "UnknownError"
    },
    {
      "test_id": "tests/specification/core/test_type_safe_serializer.py::TestBatchSerialization::test_serialize_empty_list",
      "file_path": "tests/specification/core/test_type_safe_serializer.py",
      "test_name": "TestBatchSerialization::test_serialize_empty_list",
      "status": "FAIL_LOGIC",
      "execution_time": 0.011861509151673048,
      "error_message": "Unknown test failure",
      "error_type": "UnknownError"
    },
    {
      "test_id": "tests/specification/core/test_type_safe_serializer.py::TestBatchSerialization::test_serialize_list_of_models",
      "file_path": "tests/specification/core/test_type_safe_serializer.py",
      "test_name": "TestBatchSerialization::test_serialize_list_of_models",
      "status": "FAIL_LOGIC",
      "execution_time": 0.011861509151673048,
      "error_message": "Unknown test failure",
      "error_type": "UnknownError"
    },
    {
      "test_id": "tests/specification/core/test_type_safe_serializer.py::TestBatchSerialization::test_deserialize_list_of_models",
      "file_path": "tests/specification/core/test_type_safe_serializer.py",
      "test_name": "TestBatchSerialization::test_deserialize_list_of_models",
      "status": "FAIL_LOGIC",
      "execution_time": 0.011861509151673048,
      "error_message": "Unknown test failure",
      "error_type": "UnknownError"
    },
    {
      "test_id": "tests/specification/core/test_type_safe_serializer.py::TestBatchSerialization::test_batch_type_validation",
      "file_path": "tests/specification/core/test_type_safe_serializer.py",
      "test_name": "TestBatchSerialization::test_batch_type_validation",
      "status": "FAIL_LOGIC",
      "execution_time": 0.011861509151673048,
      "error_message": "Unknown test failure",
      "error_type": "UnknownError"
    },
    {
      "test_id": "tests/application/services/graph_editor/test_hotkey_service.py::TestGraphEditorHotkeyService::test_initialization",
      "file_path": "tests/application/services/graph_editor/test_hotkey_service.py",
      "test_name": "TestGraphEditorHotkeyService::test_initialization",
      "status": "FAIL_LOGIC",
      "execution_time": 0.10420293278164333,
      "error_message": "Unknown test failure",
      "error_type": "UnknownError"
    },
    {
      "test_id": "tests/application/services/graph_editor/test_hotkey_service.py::TestGraphEditorHotkeyService::test_movement_increments_configuration",
      "file_path": "tests/application/services/graph_editor/test_hotkey_service.py",
      "test_name": "TestGraphEditorHotkeyService::test_movement_increments_configuration",
      "status": "FAIL_LOGIC",
      "execution_time": 0.10420293278164333,
      "error_message": "Unknown test failure",
      "error_type": "UnknownError"
    },
    {
      "test_id": "tests/application/services/graph_editor/test_hotkey_service.py::TestGraphEditorHotkeyService::test_handle_key_event_no_selected_arrow",
      "file_path": "tests/application/services/graph_editor/test_hotkey_service.py",
      "test_name": "TestGraphEditorHotkeyService::test_handle_key_event_no_selected_arrow",
      "status": "FAIL_LOGIC",
      "execution_time": 0.10420293278164333,
      "error_message": "Unknown test failure",
      "error_type": "UnknownError"
    },
    {
      "test_id": "tests/application/services/graph_editor/test_hotkey_service.py::TestGraphEditorHotkeyService::test_wasd_movement_basic",
      "file_path": "tests/application/services/graph_editor/test_hotkey_service.py",
      "test_name": "TestGraphEditorHotkeyService::test_wasd_movement_basic",
      "status": "FAIL_LOGIC",
      "execution_time": 0.10420293278164333,
      "error_message": "Unknown test failure",
      "error_type": "UnknownError"
    },
    {
      "test_id": "tests/application/services/graph_editor/test_hotkey_service.py::TestGraphEditorHotkeyService::test_wasd_movement_with_shift",
      "file_path": "tests/application/services/graph_editor/test_hotkey_service.py",
      "test_name": "TestGraphEditorHotkeyService::test_wasd_movement_with_shift",
      "status": "FAIL_LOGIC",
      "execution_time": 0.10420293278164333,
      "error_message": "Unknown test failure",
      "error_type": "UnknownError"
    },
    {
      "test_id": "tests/application/services/graph_editor/test_hotkey_service.py::TestGraphEditorHotkeyService::test_wasd_movement_with_ctrl_shift",
      "file_path": "tests/application/services/graph_editor/test_hotkey_service.py",
      "test_name": "TestGraphEditorHotkeyService::test_wasd_movement_with_ctrl_shift",
      "status": "FAIL_LOGIC",
      "execution_time": 0.10420293278164333,
      "error_message": "Unknown test failure",
      "error_type": "UnknownError"
    },
    {
      "test_id": "tests/application/services/graph_editor/test_hotkey_service.py::TestGraphEditorHotkeyService::test_special_commands",
      "file_path": "tests/application/services/graph_editor/test_hotkey_service.py",
      "test_name": "TestGraphEditorHotkeyService::test_special_commands",
      "status": "FAIL_LOGIC",
      "execution_time": 0.10420293278164333,
      "error_message": "Unknown test failure",
      "error_type": "UnknownError"
    },
    {
      "test_id": "tests/application/services/graph_editor/test_hotkey_service.py::TestGraphEditorHotkeyService::test_unhandled_keys",
      "file_path": "tests/application/services/graph_editor/test_hotkey_service.py",
      "test_name": "TestGraphEditorHotkeyService::test_unhandled_keys",
      "status": "FAIL_LOGIC",
      "execution_time": 0.10420293278164333,
      "error_message": "Unknown test failure",
      "error_type": "UnknownError"
    },
    {
      "test_id": "tests/application/services/graph_editor/test_hotkey_service.py::TestGraphEditorHotkeyService::test_get_movement_delta",
      "file_path": "tests/application/services/graph_editor/test_hotkey_service.py",
      "test_name": "TestGraphEditorHotkeyService::test_get_movement_delta",
      "status": "FAIL_LOGIC",
      "execution_time": 0.10420293278164333,
      "error_message": "Unknown test failure",
      "error_type": "UnknownError"
    },
    {
      "test_id": "tests/framework/test_framework_validation.py::test_framework_initialization",
      "file_path": "tests/framework/test_framework_validation.py",
      "test_name": "test_framework_initialization",
      "status": "FAIL_LOGIC",
      "execution_time": 0.31433093547821045,
      "error_message": "Unknown test failure",
      "error_type": "UnknownError"
    },
    {
      "test_id": "tests/framework/test_framework_validation.py::test_arrow_positioning_orchestrator",
      "file_path": "tests/framework/test_framework_validation.py",
      "test_name": "test_arrow_positioning_orchestrator",
      "status": "FAIL_LOGIC",
      "execution_time": 0.31433093547821045,
      "error_message": "Unknown test failure",
      "error_type": "UnknownError"
    },
    {
      "test_id": "tests/framework/test_framework_validation.py::test_basic_workflow_api",
      "file_path": "tests/framework/test_framework_validation.py",
      "test_name": "test_basic_workflow_api",
      "status": "FAIL_LOGIC",
      "execution_time": 0.31433093547821045,
      "error_message": "Unknown test failure",
      "error_type": "UnknownError"
    },
    {
      "test_id": "tests/framework/test_framework_validation.py::test_quick_workflow_function",
      "file_path": "tests/framework/test_framework_validation.py",
      "test_name": "test_quick_workflow_function",
      "status": "FAIL_LOGIC",
      "execution_time": 0.31433093547821045,
      "error_message": "Unknown test failure",
      "error_type": "UnknownError"
    },
    {
      "test_id": "tests/improved_architecture/test_construct_tab_integration.py::TestConstructTabIntegration::test_construct_tab_connects_workbench_to_state_manager",
      "file_path": "tests/improved_architecture/test_construct_tab_integration.py",
      "test_name": "TestConstructTabIntegration::test_construct_tab_connects_workbench_to_state_manager",
      "status": "FAIL_LOGIC",
      "execution_time": 0.06438969163333669,
      "error_message": "Unknown test failure",
      "error_type": "UnknownError"
    },
    {
      "test_id": "tests/improved_architecture/test_construct_tab_integration.py::TestConstructTabIntegration::test_workbench_state_manager_registration",
      "file_path": "tests/improved_architecture/test_construct_tab_integration.py",
      "test_name": "TestConstructTabIntegration::test_workbench_state_manager_registration",
      "status": "FAIL_LOGIC",
      "execution_time": 0.06438969163333669,
      "error_message": "Unknown test failure",
      "error_type": "UnknownError"
    },
    {
      "test_id": "tests/improved_architecture/test_construct_tab_integration.py::TestWorkbenchFactoryIntegration::test_workbench_factory_registers_state_manager",
      "file_path": "tests/improved_architecture/test_construct_tab_integration.py",
      "test_name": "TestWorkbenchFactoryIntegration::test_workbench_factory_registers_state_manager",
      "status": "FAIL_LOGIC",
      "execution_time": 0.06438969163333669,
      "error_message": "Unknown test failure",
      "error_type": "UnknownError"
    },
    {
      "test_id": "tests/improved_architecture/test_construct_tab_integration.py::TestEndToEndIntegration::test_end_to_end_state_management",
      "file_path": "tests/improved_architecture/test_construct_tab_integration.py",
      "test_name": "TestEndToEndIntegration::test_end_to_end_state_management",
      "status": "FAIL_LOGIC",
      "execution_time": 0.06438969163333669,
      "error_message": "Unknown test failure",
      "error_type": "UnknownError"
    },
    {
      "test_id": "tests/improved_architecture/test_construct_tab_integration.py::TestArchitectureImprovement::test_old_vs_new_pattern_comparison",
      "file_path": "tests/improved_architecture/test_construct_tab_integration.py",
      "test_name": "TestArchitectureImprovement::test_old_vs_new_pattern_comparison",
      "status": "FAIL_LOGIC",
      "execution_time": 0.06438969163333669,
      "error_message": "Unknown test failure",
      "error_type": "UnknownError"
    },
    {
      "test_id": "tests/improved_architecture/test_improved_architecture.py::TestImprovedSequenceLoaderService::test_get_current_sequence_uses_state_manager",
      "file_path": "tests/improved_architecture/test_improved_architecture.py",
      "test_name": "TestImprovedSequenceLoaderService::test_get_current_sequence_uses_state_manager",
      "status": "FAIL_LOGIC",
      "execution_time": 0.06438969163333669,
      "error_message": "Unknown test failure",
      "error_type": "UnknownError"
    },
    {
      "test_id": "tests/improved_architecture/test_improved_architecture.py::TestImprovedSequenceLoaderService::test_handles_missing_state_manager_gracefully",
      "file_path": "tests/improved_architecture/test_improved_architecture.py",
      "test_name": "TestImprovedSequenceLoaderService::test_handles_missing_state_manager_gracefully",
      "status": "FAIL_LOGIC",
      "execution_time": 0.06438969163333669,
      "error_message": "Unknown test failure",
      "error_type": "UnknownError"
    },
    {
      "test_id": "tests/improved_architecture/test_improved_architecture.py::TestImprovedSequenceLoaderService::test_uses_state_manager_not_getter_setter",
      "file_path": "tests/improved_architecture/test_improved_architecture.py",
      "test_name": "TestImprovedSequenceLoaderService::test_uses_state_manager_not_getter_setter",
      "status": "FAIL_LOGIC",
      "execution_time": 0.06438969163333669,
      "error_message": "Unknown test failure",
      "error_type": "UnknownError"
    },
    {
      "test_id": "tests/improved_architecture/test_improved_architecture.py::TestImprovedSequenceBeatOperationsService::test_get_beat_count_uses_state_manager",
      "file_path": "tests/improved_architecture/test_improved_architecture.py",
      "test_name": "TestImprovedSequenceBeatOperationsService::test_get_beat_count_uses_state_manager",
      "status": "FAIL_LOGIC",
      "execution_time": 0.06438969163333669,
      "error_message": "Unknown test failure",
      "error_type": "UnknownError"
    },
    {
      "test_id": "tests/improved_architecture/test_improved_architecture.py::TestImprovedSequenceBeatOperationsService::test_uses_state_manager_not_getter",
      "file_path": "tests/improved_architecture/test_improved_architecture.py",
      "test_name": "TestImprovedSequenceBeatOperationsService::test_uses_state_manager_not_getter",
      "status": "FAIL_LOGIC",
      "execution_time": 0.06438969163333669,
      "error_message": "Unknown test failure",
      "error_type": "UnknownError"
    },
    {
      "test_id": "tests/improved_architecture/test_improved_architecture.py::TestImprovedQtAdapters::test_beat_operations_adapter_improved",
      "file_path": "tests/improved_architecture/test_improved_architecture.py",
      "test_name": "TestImprovedQtAdapters::test_beat_operations_adapter_improved",
      "status": "FAIL_LOGIC",
      "execution_time": 0.06438969163333669,
      "error_message": "Unknown test failure",
      "error_type": "UnknownError"
    },
    {
      "test_id": "tests/improved_architecture/test_improved_architecture.py::TestImprovedQtAdapters::test_sequence_loader_adapter_improved",
      "file_path": "tests/improved_architecture/test_improved_architecture.py",
      "test_name": "TestImprovedQtAdapters::test_sequence_loader_adapter_improved",
      "status": "FAIL_LOGIC",
      "execution_time": 0.06438969163333669,
      "error_message": "Unknown test failure",
      "error_type": "UnknownError"
    },
    {
      "test_id": "tests/improved_architecture/test_improved_architecture.py::TestWorkbenchProtocolImplementation::test_mock_workbench_implements_protocol",
      "file_path": "tests/improved_architecture/test_improved_architecture.py",
      "test_name": "TestWorkbenchProtocolImplementation::test_mock_workbench_implements_protocol",
      "status": "FAIL_LOGIC",
      "execution_time": 0.06438969163333669,
      "error_message": "Unknown test failure",
      "error_type": "UnknownError"
    },
    {
      "test_id": "tests/improved_architecture/test_improved_architecture.py::TestWorkbenchStateManagerIntegration::test_workbench_connection_to_state_manager",
      "file_path": "tests/improved_architecture/test_improved_architecture.py",
      "test_name": "TestWorkbenchStateManagerIntegration::test_workbench_connection_to_state_manager",
      "status": "FAIL_LOGIC",
      "execution_time": 0.06438969163333669,
      "error_message": "Unknown test failure",
      "error_type": "UnknownError"
    },
    {
      "test_id": "tests/improved_architecture/test_improved_architecture.py::TestImprovedArchitectureBenefits::test_easier_testing",
      "file_path": "tests/improved_architecture/test_improved_architecture.py",
      "test_name": "TestImprovedArchitectureBenefits::test_easier_testing",
      "status": "FAIL_LOGIC",
      "execution_time": 0.06438969163333669,
      "error_message": "Unknown test failure",
      "error_type": "UnknownError"
    },
    {
      "test_id": "tests/improved_architecture/test_improved_architecture.py::TestImprovedArchitectureBenefits::test_loose_coupling_benefit",
      "file_path": "tests/improved_architecture/test_improved_architecture.py",
      "test_name": "TestImprovedArchitectureBenefits::test_loose_coupling_benefit",
      "status": "FAIL_LOGIC",
      "execution_time": 0.06438969163333669,
      "error_message": "Unknown test failure",
      "error_type": "UnknownError"
    },
    {
      "test_id": "tests/improved_architecture/test_improved_architecture.py::TestImprovedArchitectureBenefits::test_type_safety_improvement",
      "file_path": "tests/improved_architecture/test_improved_architecture.py",
      "test_name": "TestImprovedArchitectureBenefits::test_type_safety_improvement",
      "status": "FAIL_LOGIC",
      "execution_time": 0.06438969163333669,
      "error_message": "Unknown test failure",
      "error_type": "UnknownError"
    }
  ]
}