{
  "total_paths": 17,
  "successful_paths": 3,
  "error_paths": 2,
  "failure_paths": 0,
  "no_test_paths": 12,
  "total_tests": 120,
  "total_passed": 118,
  "total_failed": 0,
  "total_errors": 2,
  "total_skipped": 0,
  "total_execution_time": 12.466800689697266,
  "success_rate": 98.33333333333333,
  "all_import_errors": [
    "E   ModuleNotFoundError: No module named 'hypothesis'"
  ],
  "all_collection_errors": [
    "_ ERROR collecting tests/improved_architecture/test_construct_tab_integration.py _",
    "_ ERROR collecting tests/specification/domain/test_domain_models_properties.py _"
  ],
  "detailed_results": {
    "tests/unit/services/": {
      "path": "tests/unit/services/",
      "status": "NO_TESTS",
      "total_tests": 0,
      "passed": 0,
      "failed": 0,
      "errors": 0,
      "skipped": 0,
      "execution_time": 0.2303175926208496,
      "return_code": 3,
      "import_errors": [],
      "collection_errors": [],
      "test_failures": [],
      "output_sample": "INTERNALERROR> Traceback (most recent call last):\nINTERNALERROR>   File \"C:\\Users\\Austen\\AppData\\Local\\Programs\\Python\\Python313\\Lib\\site-packages\\_pytest\\main.py\", line 287, in wrap_session\nINTERNALERROR>     config.hook.pytest_sessionstart(session=session)\nINTERNALERROR>     ~~~~~~~~~~~~~~~~~~~~~~~~~~~~~~~^^^^^^^^^^^^^^^^^\nINTERNALERROR>   File \"C:\\Users\\Austen\\AppData\\Local\\Programs\\Python\\Python313\\Lib\\site-packages\\pluggy\\_hooks.py\", line 512, in __call__\nINTERNALERROR>     return self._hookexec(self.name, self._hookimpls.copy(), kwargs, firstresult)\nINTERNALERROR>            ~~~~~~~~~~~~~~^^^^^^^^^^^^^^^^^^^^^^^^^^^^^^^^^^^^^^^^^^^^^^^^^^^^^^^^\nINTERNALERROR>   File \"C:\\Users\\Austen\\AppData\\Local\\Programs\\Python\\Python313\\Lib\\site-packages\\pluggy\\_manager.py\", line 120, in _hookexec\nINTERNALERROR>     return self._inner_hookexec(hook_name, methods, kwargs, firstresult)\nINTERNALERROR>            ~~~~~~~~~~~~~~~~~~~~^^^^^^^^^^^^^^^^^^^^^^^^^^^^^^^^^^^^^^^^^\nINTERNALERROR>   File \"C"
    },
    "tests/cross_platform/": {
      "path": "tests/cross_platform/",
      "status": "NO_TESTS",
      "total_tests": 0,
      "passed": 0,
      "failed": 0,
      "errors": 0,
      "skipped": 0,
      "execution_time": 0.230269193649292,
      "return_code": 3,
      "import_errors": [],
      "collection_errors": [],
      "test_failures": [],
      "output_sample": "INTERNALERROR> Traceback (most recent call last):\nINTERNALERROR>   File \"C:\\Users\\Austen\\AppData\\Local\\Programs\\Python\\Python313\\Lib\\site-packages\\_pytest\\main.py\", line 287, in wrap_session\nINTERNALERROR>     config.hook.pytest_sessionstart(session=session)\nINTERNALERROR>     ~~~~~~~~~~~~~~~~~~~~~~~~~~~~~~~^^^^^^^^^^^^^^^^^\nINTERNALERROR>   File \"C:\\Users\\Austen\\AppData\\Local\\Programs\\Python\\Python313\\Lib\\site-packages\\pluggy\\_hooks.py\", line 512, in __call__\nINTERNALERROR>     return self._hookexec(self.name, self._hookimpls.copy(), kwargs, firstresult)\nINTERNALERROR>            ~~~~~~~~~~~~~~^^^^^^^^^^^^^^^^^^^^^^^^^^^^^^^^^^^^^^^^^^^^^^^^^^^^^^^^\nINTERNALERROR>   File \"C:\\Users\\Austen\\AppData\\Local\\Programs\\Python\\Python313\\Lib\\site-packages\\pluggy\\_manager.py\", line 120, in _hookexec\nINTERNALERROR>     return self._inner_hookexec(hook_name, methods, kwargs, firstresult)\nINTERNALERROR>            ~~~~~~~~~~~~~~~~~~~~^^^^^^^^^^^^^^^^^^^^^^^^^^^^^^^^^^^^^^^^^\nINTERNALERROR>   File \"C"
    },
    "tests/interface_coverage/": {
      "path": "tests/interface_coverage/",
      "status": "NO_TESTS",
      "total_tests": 0,
      "passed": 0,
      "failed": 0,
      "errors": 0,
      "skipped": 0,
      "execution_time": 0.2264702320098877,
      "return_code": 3,
      "import_errors": [],
      "collection_errors": [],
      "test_failures": [],
      "output_sample": "INTERNALERROR> Traceback (most recent call last):\nINTERNALERROR>   File \"C:\\Users\\Austen\\AppData\\Local\\Programs\\Python\\Python313\\Lib\\site-packages\\_pytest\\main.py\", line 287, in wrap_session\nINTERNALERROR>     config.hook.pytest_sessionstart(session=session)\nINTERNALERROR>     ~~~~~~~~~~~~~~~~~~~~~~~~~~~~~~~^^^^^^^^^^^^^^^^^\nINTERNALERROR>   File \"C:\\Users\\Austen\\AppData\\Local\\Programs\\Python\\Python313\\Lib\\site-packages\\pluggy\\_hooks.py\", line 512, in __call__\nINTERNALERROR>     return self._hookexec(self.name, self._hookimpls.copy(), kwargs, firstresult)\nINTERNALERROR>            ~~~~~~~~~~~~~~^^^^^^^^^^^^^^^^^^^^^^^^^^^^^^^^^^^^^^^^^^^^^^^^^^^^^^^^\nINTERNALERROR>   File \"C:\\Users\\Austen\\AppData\\Local\\Programs\\Python\\Python313\\Lib\\site-packages\\pluggy\\_manager.py\", line 120, in _hookexec\nINTERNALERROR>     return self._inner_hookexec(hook_name, methods, kwargs, firstresult)\nINTERNALERROR>            ~~~~~~~~~~~~~~~~~~~~^^^^^^^^^^^^^^^^^^^^^^^^^^^^^^^^^^^^^^^^^\nINTERNALERROR>   File \"C"
    },
    "tests/interface_completeness/": {
      "path": "tests/interface_completeness/",
      "status": "NO_TESTS",
      "total_tests": 0,
      "passed": 0,
      "failed": 0,
      "errors": 0,
      "skipped": 0,
      "execution_time": 0.22563624382019043,
      "return_code": 3,
      "import_errors": [],
      "collection_errors": [],
      "test_failures": [],
      "output_sample": "INTERNALERROR> Traceback (most recent call last):\nINTERNALERROR>   File \"C:\\Users\\Austen\\AppData\\Local\\Programs\\Python\\Python313\\Lib\\site-packages\\_pytest\\main.py\", line 287, in wrap_session\nINTERNALERROR>     config.hook.pytest_sessionstart(session=session)\nINTERNALERROR>     ~~~~~~~~~~~~~~~~~~~~~~~~~~~~~~~^^^^^^^^^^^^^^^^^\nINTERNALERROR>   File \"C:\\Users\\Austen\\AppData\\Local\\Programs\\Python\\Python313\\Lib\\site-packages\\pluggy\\_hooks.py\", line 512, in __call__\nINTERNALERROR>     return self._hookexec(self.name, self._hookimpls.copy(), kwargs, firstresult)\nINTERNALERROR>            ~~~~~~~~~~~~~~^^^^^^^^^^^^^^^^^^^^^^^^^^^^^^^^^^^^^^^^^^^^^^^^^^^^^^^^\nINTERNALERROR>   File \"C:\\Users\\Austen\\AppData\\Local\\Programs\\Python\\Python313\\Lib\\site-packages\\pluggy\\_manager.py\", line 120, in _hookexec\nINTERNALERROR>     return self._inner_hookexec(hook_name, methods, kwargs, firstresult)\nINTERNALERROR>            ~~~~~~~~~~~~~~~~~~~~^^^^^^^^^^^^^^^^^^^^^^^^^^^^^^^^^^^^^^^^^\nINTERNALERROR>   File \"C"
    },
    "tests/service_implementation/": {
      "path": "tests/service_implementation/",
      "status": "NO_TESTS",
      "total_tests": 0,
      "passed": 0,
      "failed": 0,
      "errors": 0,
      "skipped": 0,
      "execution_time": 0.22388553619384766,
      "return_code": 3,
      "import_errors": [],
      "collection_errors": [],
      "test_failures": [],
      "output_sample": "INTERNALERROR> Traceback (most recent call last):\nINTERNALERROR>   File \"C:\\Users\\Austen\\AppData\\Local\\Programs\\Python\\Python313\\Lib\\site-packages\\_pytest\\main.py\", line 287, in wrap_session\nINTERNALERROR>     config.hook.pytest_sessionstart(session=session)\nINTERNALERROR>     ~~~~~~~~~~~~~~~~~~~~~~~~~~~~~~~^^^^^^^^^^^^^^^^^\nINTERNALERROR>   File \"C:\\Users\\Austen\\AppData\\Local\\Programs\\Python\\Python313\\Lib\\site-packages\\pluggy\\_hooks.py\", line 512, in __call__\nINTERNALERROR>     return self._hookexec(self.name, self._hookimpls.copy(), kwargs, firstresult)\nINTERNALERROR>            ~~~~~~~~~~~~~~^^^^^^^^^^^^^^^^^^^^^^^^^^^^^^^^^^^^^^^^^^^^^^^^^^^^^^^^\nINTERNALERROR>   File \"C:\\Users\\Austen\\AppData\\Local\\Programs\\Python\\Python313\\Lib\\site-packages\\pluggy\\_manager.py\", line 120, in _hookexec\nINTERNALERROR>     return self._inner_hookexec(hook_name, methods, kwargs, firstresult)\nINTERNALERROR>            ~~~~~~~~~~~~~~~~~~~~^^^^^^^^^^^^^^^^^^^^^^^^^^^^^^^^^^^^^^^^^\nINTERNALERROR>   File \"C"
    },
    "tests/integration/": {
      "path": "tests/integration/",
      "status": "NO_TESTS",
      "total_tests": 0,
      "passed": 0,
      "failed": 0,
      "errors": 0,
      "skipped": 0,
      "execution_time": 0.2216813564300537,
      "return_code": 3,
      "import_errors": [],
      "collection_errors": [],
      "test_failures": [],
      "output_sample": "INTERNALERROR> Traceback (most recent call last):\nINTERNALERROR>   File \"C:\\Users\\Austen\\AppData\\Local\\Programs\\Python\\Python313\\Lib\\site-packages\\_pytest\\main.py\", line 287, in wrap_session\nINTERNALERROR>     config.hook.pytest_sessionstart(session=session)\nINTERNALERROR>     ~~~~~~~~~~~~~~~~~~~~~~~~~~~~~~~^^^^^^^^^^^^^^^^^\nINTERNALERROR>   File \"C:\\Users\\Austen\\AppData\\Local\\Programs\\Python\\Python313\\Lib\\site-packages\\pluggy\\_hooks.py\", line 512, in __call__\nINTERNALERROR>     return self._hookexec(self.name, self._hookimpls.copy(), kwargs, firstresult)\nINTERNALERROR>            ~~~~~~~~~~~~~~^^^^^^^^^^^^^^^^^^^^^^^^^^^^^^^^^^^^^^^^^^^^^^^^^^^^^^^^\nINTERNALERROR>   File \"C:\\Users\\Austen\\AppData\\Local\\Programs\\Python\\Python313\\Lib\\site-packages\\pluggy\\_manager.py\", line 120, in _hookexec\nINTERNALERROR>     return self._inner_hookexec(hook_name, methods, kwargs, firstresult)\nINTERNALERROR>            ~~~~~~~~~~~~~~~~~~~~^^^^^^^^^^^^^^^^^^^^^^^^^^^^^^^^^^^^^^^^^\nINTERNALERROR>   File \"C"
    },
    "launcher/tests/": {
      "path": "launcher/tests/",
      "status": "NO_TESTS",
      "total_tests": 0,
      "passed": 0,
      "failed": 0,
      "errors": 0,
      "skipped": 0,
      "execution_time": 0.22457289695739746,
      "return_code": 3,
      "import_errors": [],
      "collection_errors": [],
      "test_failures": [],
      "output_sample": "INTERNALERROR> Traceback (most recent call last):\nINTERNALERROR>   File \"C:\\Users\\Austen\\AppData\\Local\\Programs\\Python\\Python313\\Lib\\site-packages\\_pytest\\main.py\", line 287, in wrap_session\nINTERNALERROR>     config.hook.pytest_sessionstart(session=session)\nINTERNALERROR>     ~~~~~~~~~~~~~~~~~~~~~~~~~~~~~~~^^^^^^^^^^^^^^^^^\nINTERNALERROR>   File \"C:\\Users\\Austen\\AppData\\Local\\Programs\\Python\\Python313\\Lib\\site-packages\\pluggy\\_hooks.py\", line 512, in __call__\nINTERNALERROR>     return self._hookexec(self.name, self._hookimpls.copy(), kwargs, firstresult)\nINTERNALERROR>            ~~~~~~~~~~~~~~^^^^^^^^^^^^^^^^^^^^^^^^^^^^^^^^^^^^^^^^^^^^^^^^^^^^^^^^\nINTERNALERROR>   File \"C:\\Users\\Austen\\AppData\\Local\\Programs\\Python\\Python313\\Lib\\site-packages\\pluggy\\_manager.py\", line 120, in _hookexec\nINTERNALERROR>     return self._inner_hookexec(hook_name, methods, kwargs, firstresult)\nINTERNALERROR>            ~~~~~~~~~~~~~~~~~~~~^^^^^^^^^^^^^^^^^^^^^^^^^^^^^^^^^^^^^^^^^\nINTERNALERROR>   File \"C"
    },
    "src/desktop/modern/tests/unit/core/": {
      "path": "src/desktop/modern/tests/unit/core/",
      "status": "SUCCESS",
      "total_tests": 27,
      "passed": 27,
      "failed": 0,
      "errors": 0,
      "skipped": 0,
      "execution_time": 0.8276491165161133,
      "return_code": 0,
      "import_errors": [],
      "collection_errors": [],
      "test_failures": [],
      "output_sample": "============================= test session starts =============================\nplatform win32 -- Python 3.13.5, pytest-8.4.1, pluggy-1.6.0 -- C:\\Users\\Austen\\AppData\\Local\\Programs\\Python\\Python313\\python.exe\ncachedir: .pytest_cache\nrootdir: F:\\CODE\\TKA\\src\\desktop\\modern\nconfigfile: pytest.ini\ncollecting ... collected 27 items\n\nsrc\\desktop\\modern\\tests\\unit\\core\\dependency_injection\\test_di_container_unit.py::TestEnhancedDIContainer::test_basic_dependency_injection PASSED [  3%]\nsrc\\desktop\\modern\\tests\\unit\\core\\dependency_injection\\test_di_container_unit.py::TestEnhancedDIContainer::test_complex_dependency_chain PASSED [  7%]\nsrc\\desktop\\modern\\tests\\unit\\core\\dependency_injection\\test_di_container_unit.py::TestEnhancedDIContainer::test_default_parameter_handling PASSED [ 11%]\nsrc\\desktop\\modern\\tests\\unit\\core\\dependency_injection\\test_di_container_unit.py::TestEnhancedDIContainer::test_enhanced_error_reporting PASSED [ 14%]\nsrc\\desktop\\modern\\tests\\unit\\core\\dependency_injection\\"
    },
    "src/desktop/modern/tests/unit/interfaces/": {
      "path": "src/desktop/modern/tests/unit/interfaces/",
      "status": "SUCCESS",
      "total_tests": 82,
      "passed": 82,
      "failed": 0,
      "errors": 0,
      "skipped": 0,
      "execution_time": 1.002573013305664,
      "return_code": 0,
      "import_errors": [],
      "collection_errors": [],
      "test_failures": [],
      "output_sample": "============================= test session starts =============================\nplatform win32 -- Python 3.13.5, pytest-8.4.1, pluggy-1.6.0 -- C:\\Users\\Austen\\AppData\\Local\\Programs\\Python\\Python313\\python.exe\ncachedir: .pytest_cache\nrootdir: F:\\CODE\\TKA\\src\\desktop\\modern\nconfigfile: pytest.ini\ncollecting ... collected 82 items\n\nsrc\\desktop\\modern\\tests\\unit\\interfaces\\test_data_cache_manager_interface.py::TestDataCacheManagerInterface::test_data_cache_manager_implements_interface PASSED [  1%]\nsrc\\desktop\\modern\\tests\\unit\\interfaces\\test_data_cache_manager_interface.py::TestDataCacheManagerInterface::test_all_interface_methods_implemented PASSED [  2%]\nsrc\\desktop\\modern\\tests\\unit\\interfaces\\test_data_cache_manager_interface.py::TestDataCacheManagerInterface::test_method_signatures_match_interface PASSED [  3%]\nsrc\\desktop\\modern\\tests\\unit\\interfaces\\test_data_cache_manager_interface.py::TestDataCacheManagerBehavior::test_initial_cache_is_empty PASSED [  4%]\nsrc\\desktop\\modern\\tes"
    },
    "src/desktop/modern/tests/unit/presentation/": {
      "path": "src/desktop/modern/tests/unit/presentation/",
      "status": "NO_TESTS",
      "total_tests": 0,
      "passed": 0,
      "failed": 0,
      "errors": 0,
      "skipped": 0,
      "execution_time": 2.0347139835357666,
      "return_code": 1,
      "import_errors": [],
      "collection_errors": [],
      "test_failures": [
        "src\\desktop\\modern\\tests\\unit\\presentation\\components\\option_picker\\test_option_picker_refactored_components.py::TestOptionPickerSectionManager::test_section_manager_initialization FAILED [ 15%]",
        "src\\desktop\\modern\\tests\\unit\\presentation\\components\\option_picker\\test_option_picker_refactored_components.py::TestOptionPickerSectionManager::test_update_all_sections_directly FAILED [ 16%]",
        "src\\desktop\\modern\\tests\\unit\\presentation\\components\\option_picker\\test_option_picker_refactored_components.py::TestOptionPickerSectionManager::test_clear_all_sections FAILED [ 18%]",
        "src\\desktop\\modern\\tests\\unit\\presentation\\components\\option_picker\\test_option_picker_refactored_components.py::TestOptionPickerSectionManager::test_get_all_pictograph_frames FAILED [ 20%]",
        "src\\desktop\\modern\\tests\\unit\\presentation\\tabs\\construct\\test_layout_manager.py::TestConstructTabLayoutManager::test_initialization FAILED [ 36%]"
      ],
      "output_sample": "============================= test session starts =============================\nplatform win32 -- Python 3.13.5, pytest-8.4.1, pluggy-1.6.0 -- C:\\Users\\Austen\\AppData\\Local\\Programs\\Python\\Python313\\python.exe\ncachedir: .pytest_cache\nrootdir: F:\\CODE\\TKA\\src\\desktop\\modern\nconfigfile: pytest.ini\ncollecting ... collected 60 items\n\nsrc\\desktop\\modern\\tests\\unit\\presentation\\components\\option_picker\\test_option_picker_refactored_components.py::TestOptionPickerAnimator::test_animator_initialization ERROR [  1%]\nsrc\\desktop\\modern\\tests\\unit\\presentation\\components\\option_picker\\test_option_picker_refactored_components.py::TestOptionPickerAnimator::test_animator_skip_animation ERROR [  3%]\nsrc\\desktop\\modern\\tests\\unit\\presentation\\components\\option_picker\\test_option_picker_refactored_components.py::TestOptionPickerAnimator::test_animator_with_no_frames ERROR [  5%]\nsrc\\desktop\\modern\\tests\\unit\\presentation\\components\\option_picker\\test_option_picker_refactored_components.py::TestOptionPi"
    },
    "src/desktop/modern/tests/integration/": {
      "path": "src/desktop/modern/tests/integration/",
      "status": "NO_TESTS",
      "total_tests": 0,
      "passed": 0,
      "failed": 0,
      "errors": 0,
      "skipped": 0,
      "execution_time": 0.90444016456604,
      "return_code": 3221226505,
      "import_errors": [],
      "collection_errors": [],
      "test_failures": [],
      "output_sample": "============================= test session starts =============================\nplatform win32 -- Python 3.13.5, pytest-8.4.1, pluggy-1.6.0 -- C:\\Users\\Austen\\AppData\\Local\\Programs\\Python\\Python313\\python.exe\ncachedir: .pytest_cache\nrootdir: F:\\CODE\\TKA\\src\\desktop\\modern\nconfigfile: pytest.ini\ncollecting ... collected 26 items\n\nsrc\\desktop\\modern\\tests\\integration\\interfaces\\test_interface_integration.py::TestDependencyInjectionIntegration::test_workbench_state_manager_can_be_injected PASSED [  3%]\nsrc\\desktop\\modern\\tests\\integration\\interfaces\\test_interface_integration.py::TestDependencyInjectionIntegration::test_data_cache_manager_can_be_injected PASSED [  7%]\nsrc\\desktop\\modern\\tests\\integration\\interfaces\\test_interface_integration.py::TestDependencyInjectionIntegration::test_thumbnail_generation_service_can_be_injected PASSED [ 11%]\nsrc\\desktop\\modern\\tests\\integration\\interfaces\\test_interface_integration.py::TestDependencyInjectionIntegration::test_ui_state_manager_can_be_in"
    },
    "src/desktop/modern/tests/specification/core/": {
      "path": "src/desktop/modern/tests/specification/core/",
      "status": "NO_TESTS",
      "total_tests": 0,
      "passed": 0,
      "failed": 0,
      "errors": 0,
      "skipped": 0,
      "execution_time": 1.1220817565917969,
      "return_code": 1,
      "import_errors": [],
      "collection_errors": [],
      "test_failures": [
        "src\\desktop\\modern\\tests\\specification\\core\\test_event_bus.py::TestAsyncEventHandling::test_async_publish FAILED [ 44%]",
        "src\\desktop\\modern\\tests\\specification\\core\\test_event_bus.py::TestAsyncEventHandling::test_async_handler FAILED [ 46%]",
        "src\\desktop\\modern\\tests\\specification\\core\\test_event_bus.py::TestAsyncEventHandling::test_mixed_sync_async_handlers FAILED [ 47%]",
        "src\\desktop\\modern\\tests\\specification\\core\\test_type_safe_serializer.py::TestRoundTripSerialization::test_sequence_data_round_trip FAILED [ 87%]",
        "FAILED src\\desktop\\modern\\tests\\specification\\core\\test_event_bus.py::TestAsyncEventHandling::test_async_publish"
      ],
      "output_sample": "============================= test session starts =============================\nplatform win32 -- Python 3.13.5, pytest-8.4.1, pluggy-1.6.0 -- C:\\Users\\Austen\\AppData\\Local\\Programs\\Python\\Python313\\python.exe\ncachedir: .pytest_cache\nrootdir: F:\\CODE\\TKA\\src\\desktop\\modern\nconfigfile: pytest.ini\ncollecting ... collected 89 items\n\nsrc\\desktop\\modern\\tests\\specification\\core\\test_di_container_contracts.py::TestDIContainerContracts::test_di_container_import PASSED [  1%]\nsrc\\desktop\\modern\\tests\\specification\\core\\test_di_container_contracts.py::TestDIContainerContracts::test_container_creation_contract PASSED [  2%]\nsrc\\desktop\\modern\\tests\\specification\\core\\test_di_container_contracts.py::TestDIContainerContracts::test_service_registration_contract PASSED [  3%]\nsrc\\desktop\\modern\\tests\\specification\\core\\test_di_container_contracts.py::TestDIContainerContracts::test_service_resolution_contract PASSED [  4%]\nsrc\\desktop\\modern\\tests\\specification\\core\\test_di_container_contracts.py::Te"
    },
    "src/desktop/modern/tests/specification/domain/": {
      "path": "src/desktop/modern/tests/specification/domain/",
      "status": "ERRORS",
      "total_tests": 1,
      "passed": 0,
      "failed": 0,
      "errors": 1,
      "skipped": 0,
      "execution_time": 1.0391175746917725,
      "return_code": 2,
      "import_errors": [
        "E   ModuleNotFoundError: No module named 'hypothesis'"
      ],
      "collection_errors": [
        "_ ERROR collecting tests/specification/domain/test_domain_models_properties.py _"
      ],
      "test_failures": [],
      "output_sample": "============================= test session starts =============================\nplatform win32 -- Python 3.13.5, pytest-8.4.1, pluggy-1.6.0 -- C:\\Users\\Austen\\AppData\\Local\\Programs\\Python\\Python313\\python.exe\ncachedir: .pytest_cache\nrootdir: F:\\CODE\\TKA\\src\\desktop\\modern\nconfigfile: pytest.ini\ncollecting ... collected 0 items / 1 error\n\n=================================== ERRORS ====================================\n_ ERROR collecting tests/specification/domain/test_domain_models_properties.py _\nImportError while importing test module 'F:\\CODE\\TKA\\src\\desktop\\modern\\tests\\specification\\domain\\test_domain_models_properties.py'.\nHint: make sure your test modules/packages have valid Python names.\nTraceback:\nC:\\Users\\Austen\\AppData\\Local\\Programs\\Python\\Python313\\Lib\\importlib\\__init__.py:88: in import_module\n    return _bootstrap._gcd_import(name[level:], package, level)\n           ^^^^^^^^^^^^^^^^^^^^^^^^^^^^^^^^^^^^^^^^^^^^^^^^^^^^\nsrc\\desktop\\modern\\tests\\specification\\domain\\test_dom"
    },
    "src/desktop/modern/tests/application/": {
      "path": "src/desktop/modern/tests/application/",
      "status": "SUCCESS",
      "total_tests": 9,
      "passed": 9,
      "failed": 0,
      "errors": 0,
      "skipped": 0,
      "execution_time": 1.1600496768951416,
      "return_code": 0,
      "import_errors": [],
      "collection_errors": [],
      "test_failures": [],
      "output_sample": "============================= test session starts =============================\nplatform win32 -- Python 3.13.5, pytest-8.4.1, pluggy-1.6.0 -- C:\\Users\\Austen\\AppData\\Local\\Programs\\Python\\Python313\\python.exe\ncachedir: .pytest_cache\nrootdir: F:\\CODE\\TKA\\src\\desktop\\modern\nconfigfile: pytest.ini\ncollecting ... collected 9 items\n\nsrc\\desktop\\modern\\tests\\application\\services\\graph_editor\\test_hotkey_service.py::TestGraphEditorHotkeyService::test_initialization PASSED [ 11%]\nsrc\\desktop\\modern\\tests\\application\\services\\graph_editor\\test_hotkey_service.py::TestGraphEditorHotkeyService::test_movement_increments_configuration PASSED [ 22%]\nsrc\\desktop\\modern\\tests\\application\\services\\graph_editor\\test_hotkey_service.py::TestGraphEditorHotkeyService::test_handle_key_event_no_selected_arrow PASSED [ 33%]\nsrc\\desktop\\modern\\tests\\application\\services\\graph_editor\\test_hotkey_service.py::TestGraphEditorHotkeyService::test_wasd_movement_basic PASSED [ 44%]\nsrc\\desktop\\modern\\tests\\application\\"
    },
    "src/desktop/modern/tests/framework/": {
      "path": "src/desktop/modern/tests/framework/",
      "status": "NO_TESTS",
      "total_tests": 0,
      "passed": 0,
      "failed": 0,
      "errors": 0,
      "skipped": 0,
      "execution_time": 1.4463965892791748,
      "return_code": 0,
      "import_errors": [],
      "collection_errors": [],
      "test_failures": [],
      "output_sample": "============================= test session starts =============================\nplatform win32 -- Python 3.13.5, pytest-8.4.1, pluggy-1.6.0 -- C:\\Users\\Austen\\AppData\\Local\\Programs\\Python\\Python313\\python.exe\ncachedir: .pytest_cache\nrootdir: F:\\CODE\\TKA\\src\\desktop\\modern\nconfigfile: pytest.ini\ncollecting ... collected 4 items\n\nsrc\\desktop\\modern\\tests\\framework\\test_framework_validation.py::test_framework_initialization PASSED [ 25%]\nsrc\\desktop\\modern\\tests\\framework\\test_framework_validation.py::test_arrow_positioning_orchestrator PASSED [ 50%]\nsrc\\desktop\\modern\\tests\\framework\\test_framework_validation.py::test_basic_workflow_api PASSED [ 75%]\nsrc\\desktop\\modern\\tests\\framework\\test_framework_validation.py::test_quick_workflow_function PASSED [100%]\n\n============================== warnings summary ===============================\nsrc\\desktop\\modern\\tests\\framework\\tka_workflow_tester.py:59\n  F:\\CODE\\TKA\\src\\desktop\\modern\\tests\\framework\\tka_workflow_tester.py:59: PytestCollection"
    },
    "src/desktop/modern/tests/improved_architecture/": {
      "path": "src/desktop/modern/tests/improved_architecture/",
      "status": "ERRORS",
      "total_tests": 1,
      "passed": 0,
      "failed": 0,
      "errors": 1,
      "skipped": 0,
      "execution_time": 1.117905616760254,
      "return_code": 2,
      "import_errors": [],
      "collection_errors": [
        "_ ERROR collecting tests/improved_architecture/test_construct_tab_integration.py _"
      ],
      "test_failures": [],
      "output_sample": "============================= test session starts =============================\nplatform win32 -- Python 3.13.5, pytest-8.4.1, pluggy-1.6.0 -- C:\\Users\\Austen\\AppData\\Local\\Programs\\Python\\Python313\\python.exe\ncachedir: .pytest_cache\nrootdir: F:\\CODE\\TKA\\src\\desktop\\modern\nconfigfile: pytest.ini\ncollecting ... collected 12 items / 1 error\n\n=================================== ERRORS ====================================\n_ ERROR collecting tests/improved_architecture/test_construct_tab_integration.py _\nC:\\Users\\Austen\\AppData\\Local\\Programs\\Python\\Python313\\Lib\\site-packages\\_pytest\\python.py:498: in importtestmodule\n    mod = import_path(\nC:\\Users\\Austen\\AppData\\Local\\Programs\\Python\\Python313\\Lib\\site-packages\\_pytest\\pathlib.py:587: in import_path\n    importlib.import_module(module_name)\nC:\\Users\\Austen\\AppData\\Local\\Programs\\Python\\Python313\\Lib\\importlib\\__init__.py:88: in import_module\n    return _bootstrap._gcd_import(name[level:], package, level)\n           ^^^^^^^^^^^^^^^^^^^^^^^"
    },
    "src/desktop/modern/tests/test_*.py": {
      "path": "src/desktop/modern/tests/test_*.py",
      "status": "NO_TESTS",
      "total_tests": 0,
      "passed": 0,
      "failed": 0,
      "errors": 0,
      "skipped": 0,
      "execution_time": 0.2241978645324707,
      "return_code": 3,
      "import_errors": [],
      "collection_errors": [],
      "test_failures": [],
      "output_sample": "INTERNALERROR> Traceback (most recent call last):\nINTERNALERROR>   File \"C:\\Users\\Austen\\AppData\\Local\\Programs\\Python\\Python313\\Lib\\site-packages\\_pytest\\main.py\", line 287, in wrap_session\nINTERNALERROR>     config.hook.pytest_sessionstart(session=session)\nINTERNALERROR>     ~~~~~~~~~~~~~~~~~~~~~~~~~~~~~~~^^^^^^^^^^^^^^^^^\nINTERNALERROR>   File \"C:\\Users\\Austen\\AppData\\Local\\Programs\\Python\\Python313\\Lib\\site-packages\\pluggy\\_hooks.py\", line 512, in __call__\nINTERNALERROR>     return self._hookexec(self.name, self._hookimpls.copy(), kwargs, firstresult)\nINTERNALERROR>            ~~~~~~~~~~~~~~^^^^^^^^^^^^^^^^^^^^^^^^^^^^^^^^^^^^^^^^^^^^^^^^^^^^^^^^\nINTERNALERROR>   File \"C:\\Users\\Austen\\AppData\\Local\\Programs\\Python\\Python313\\Lib\\site-packages\\pluggy\\_manager.py\", line 120, in _hookexec\nINTERNALERROR>     return self._inner_hookexec(hook_name, methods, kwargs, firstresult)\nINTERNALERROR>            ~~~~~~~~~~~~~~~~~~~~^^^^^^^^^^^^^^^^^^^^^^^^^^^^^^^^^^^^^^^^^\nINTERNALERROR>   File \"C"
    }
  }
}