============================= test session starts =============================
platform win32 -- Python 3.13.5, pytest-8.4.1, pluggy-1.6.0
benchmark: 5.1.0 (defaults: timer=time.perf_counter disable_gc=False min_rounds=5 min_time=0.000005 max_time=1.0 calibration_precision=10 warmup=False warmup_iterations=100000)
PyQt6 6.9.1 -- Qt runtime 6.9.1 -- Qt compiled 6.9.0
rootdir: F:\CODE\TKA\src\desktop\modern
configfile: pytest.ini
plugins: anyio-4.9.0, Faker-37.4.0, hypothesis-6.135.26, asyncio-1.0.0, benchmark-5.1.0, cov-6.2.1, html-4.1.1, metadata-3.1.1, mock-3.14.1, qt-4.5.0, xvfb-3.1.1
asyncio: mode=Mode.STRICT, asyncio_default_fixture_loop_scope=None, asyncio_default_test_loop_scope=function
collected 186 items

test_delete_beat_direct.py ...                                           [  1%]
test_delete_beat_simple.py ..                                            [  2%]
test_di_integration.py .                                                 [  3%]
tests\application\services\graph_editor\test_hotkey_service.py ......... [  8%]
                                                                         [  8%]
tests\framework\test_framework_validation.py ....                        [ 10%]
tests\integration\test_border_service_extraction.py ......Exit code: 127
